<?xml version="1.0" encoding="UTF-8"?>
<robot generator="Robot 7.2.2 (Python 3.13.3 on win32)" generated="2025-08-18T16:35:48.355826" rpa="false" schemaversion="5">
<suite id="s1" name="Tests" source="C:\Teste_API_Rethink\Tests">
<suite id="s1-s1" name="Account" source="C:\Teste_API_Rethink\Tests\account">
<suite id="s1-s1-s1" name="Test Delete Account" source="C:\Teste_API_Rethink\Tests\account\test_delete_account.robot">
<test id="s1-s1-s1-t1" name="Deletar Conta Com Sucesso" line="10">
<kw name="Gerar Massa Usuario" owner="keywords">
<kw name="Evaluate" owner="BuiltIn">
<msg time="2025-08-18T16:35:48.775406" level="INFO">${cpf} = 68751568291</msg>
<var>${cpf}</var>
<arg>''.join([str(__import__('random').randint(0,9)) for _ in range(11)])</arg>
<arg>modules=random</arg>
<doc>Evaluates the given expression in Python and returns the result.</doc>
<status status="PASS" start="2025-08-18T16:35:48.775093" elapsed="0.000344"/>
</kw>
<kw name="Evaluate" owner="BuiltIn">
<msg time="2025-08-18T16:35:48.775703" level="INFO">${email} = teste_7669@example.com</msg>
<var>${email}</var>
<arg>f'teste_{__import__("random").randint(1000,9999)}@example.com'</arg>
<doc>Evaluates the given expression in Python and returns the result.</doc>
<status status="PASS" start="2025-08-18T16:35:48.775547" elapsed="0.000177"/>
</kw>
<kw name="Set Variable" owner="BuiltIn">
<msg time="2025-08-18T16:35:48.775884" level="INFO">${full_name} = João da Silva</msg>
<var>${full_name}</var>
<arg>João da Silva</arg>
<doc>Returns the given values which can then be assigned to a variables.</doc>
<status status="PASS" start="2025-08-18T16:35:48.775799" elapsed="0.000112"/>
</kw>
<kw name="Set Suite Variable" owner="BuiltIn">
<msg time="2025-08-18T16:35:48.776127" level="INFO">${CPF} = 68751568291</msg>
<arg>${CPF}</arg>
<arg>${cpf}</arg>
<doc>Makes a variable available everywhere within the scope of the current suite.</doc>
<status status="PASS" start="2025-08-18T16:35:48.775991" elapsed="0.000163"/>
</kw>
<kw name="Set Suite Variable" owner="BuiltIn">
<msg time="2025-08-18T16:35:48.776339" level="INFO">${EMAIL} = teste_7669@example.com</msg>
<arg>${EMAIL}</arg>
<arg>${email}</arg>
<doc>Makes a variable available everywhere within the scope of the current suite.</doc>
<status status="PASS" start="2025-08-18T16:35:48.776226" elapsed="0.000141"/>
</kw>
<kw name="Set Suite Variable" owner="BuiltIn">
<msg time="2025-08-18T16:35:48.776536" level="INFO">${FULL_NAME} = João da Silva</msg>
<arg>${FULL_NAME}</arg>
<arg>${full_name}</arg>
<doc>Makes a variable available everywhere within the scope of the current suite.</doc>
<status status="PASS" start="2025-08-18T16:35:48.776432" elapsed="0.000128"/>
</kw>
<kw name="Set Suite Variable" owner="BuiltIn">
<msg time="2025-08-18T16:35:48.776709" level="INFO">${PASSWORD} = Senha@123</msg>
<arg>${PASSWORD}</arg>
<arg>Senha@123</arg>
<doc>Makes a variable available everywhere within the scope of the current suite.</doc>
<status status="PASS" start="2025-08-18T16:35:48.776623" elapsed="0.000109"/>
</kw>
<status status="PASS" start="2025-08-18T16:35:48.774589" elapsed="0.002185"/>
</kw>
<kw name="Criar Sessao API" owner="keywords">
<kw name="Create Session" owner="RequestsLibrary">
<msg time="2025-08-18T16:35:48.777401" level="INFO">Creating Session using : alias=banking, url=https://points-app-backend.vercel.app, headers={},                     cookies={}, auth=None, timeout=None, proxies=None, verify=False,                     debug=0 </msg>
<arg>banking</arg>
<arg>${BASE_URL}</arg>
<doc>Create Session: create a HTTP session to a server</doc>
<status status="PASS" start="2025-08-18T16:35:48.777312" elapsed="0.000226"/>
</kw>
<status status="PASS" start="2025-08-18T16:35:48.777145" elapsed="0.000438"/>
</kw>
<kw name="Cadastrar Usuario" owner="keywords">
<kw name="Create Dictionary" owner="BuiltIn">
<msg time="2025-08-18T16:35:48.778323" level="INFO">${payload} = {'cpf': '68751568291', 'full_name': 'João da Silva', 'email': 'teste_7669@example.com', 'password': 'Senha@123', 'confirmPassword': 'Senha@123'}</msg>
<var>${payload}</var>
<arg>cpf=${CPF}</arg>
<arg>full_name=${FULL_NAME}</arg>
<arg>email=${EMAIL}</arg>
<arg>password=${PASSWORD}</arg>
<arg>confirmPassword=${PASSWORD}</arg>
<doc>Creates and returns a dictionary based on the given ``items``.</doc>
<status status="PASS" start="2025-08-18T16:35:48.778040" elapsed="0.000306"/>
</kw>
<kw name="POST On Session" owner="RequestsLibrary">
<msg time="2025-08-18T16:35:49.873359" level="INFO">POST Request : url=https://points-app-backend.vercel.app/cadastro 
 path_url=/cadastro 
 headers={'User-Agent': 'python-requests/2.32.3', 'Accept-Encoding': 'gzip, deflate', 'Accept': '*/*', 'Connection': 'keep-alive', 'Content-Length': '149', 'Content-Type': 'application/json'} 
 body=b'{"cpf": "68751568291", "full_name": "Jo\\u00e3o da Silva", "email": "teste_7669@example.com", "password": "Senha@123", "confirmPassword": "Senha@123"}' 
 </msg>
<msg time="2025-08-18T16:35:49.873636" level="INFO">POST Response : url=https://points-app-backend.vercel.app/cadastro 
 status=201, reason=Created 
 headers={'Cache-Control': 'public, max-age=0, must-revalidate', 'Content-Length': '255', 'Content-Type': 'application/json; charset=utf-8', 'Date': 'Mon, 18 Aug 2025 19:35:50 GMT', 'Etag': 'W/"ff-YjELNujHxs/EVD+dhQ/QsrpfjqM"', 'Server': 'Vercel', 'Strict-Transport-Security': 'max-age=63072000; includeSubDomains; preload', 'X-Powered-By': 'Express', 'X-Vercel-Cache': 'MISS', 'X-Vercel-Id': 'gru1::iad1::wxx6h-1755545749202-530c4f8f3c6a'} 
 body={"message":"Cadastro realizado com sucesso.","confirmToken":"eyJhbGciOiJIUzI1NiIsInR5cCI6IkpXVCJ9.eyJ1c2VySWQiOiJjZGEyOWFlZi04MzU0LTQ3YmEtYTE1YS0xYjlkMTM5ZmMyZDMiLCJpYXQiOjE3NTU1NDU3NTAsImV4cCI6MTc1NTYzMjE1MH0.3eDmg5HjizZtxx9ygzvT5sV8A_eEdJUKlqWb8YH2OdI"} 
 </msg>
<msg time="2025-08-18T16:35:49.873792" level="INFO">C:\Users\mathe\AppData\Local\Programs\Python\Python313\Lib\site-packages\urllib3\connectionpool.py:1097: InsecureRequestWarning: Unverified HTTPS request is being made to host 'points-app-backend.vercel.app'. Adding certificate verification is strongly advised. See: https://urllib3.readthedocs.io/en/latest/advanced-usage.html#tls-warnings
  warnings.warn(</msg>
<msg time="2025-08-18T16:35:49.874584" level="INFO">${resp} = &lt;Response [201]&gt;</msg>
<var>${resp}</var>
<arg>banking</arg>
<arg>url=/cadastro</arg>
<arg>json=${payload}</arg>
<doc>Sends a POST request on a previously created HTTP Session.</doc>
<status status="PASS" start="2025-08-18T16:35:48.778422" elapsed="1.096248"/>
</kw>
<kw name="Set Suite Variable" owner="BuiltIn">
<msg time="2025-08-18T16:35:49.876309" level="INFO">${CONFIRM_TOKEN} = eyJhbGciOiJIUzI1NiIsInR5cCI6IkpXVCJ9.eyJ1c2VySWQiOiJjZGEyOWFlZi04MzU0LTQ3YmEtYTE1YS0xYjlkMTM5ZmMyZDMiLCJpYXQiOjE3NTU1NDU3NTAsImV4cCI6MTc1NTYzMjE1MH0.3eDmg5HjizZtxx9ygzvT5sV8A_eEdJUKlqWb8YH2OdI</msg>
<arg>${CONFIRM_TOKEN}</arg>
<arg>${resp.json()["confirmToken"]}</arg>
<doc>Makes a variable available everywhere within the scope of the current suite.</doc>
<status status="PASS" start="2025-08-18T16:35:49.875043" elapsed="0.001375"/>
</kw>
<status status="PASS" start="2025-08-18T16:35:48.777875" elapsed="1.098694"/>
</kw>
<kw name="Confirmar Email" owner="keywords">
<kw name="GET On Session" owner="RequestsLibrary">
<msg time="2025-08-18T16:35:50.450974" level="INFO">GET Request : url=https://points-app-backend.vercel.app/confirm-email?token=eyJhbGciOiJIUzI1NiIsInR5cCI6IkpXVCJ9.eyJ1c2VySWQiOiJjZGEyOWFlZi04MzU0LTQ3YmEtYTE1YS0xYjlkMTM5ZmMyZDMiLCJpYXQiOjE3NTU1NDU3NTAsImV4cCI6MTc1NTYzMjE1MH0.3eDmg5HjizZtxx9ygzvT5sV8A_eEdJUKlqWb8YH2OdI 
 path_url=/confirm-email?token=eyJhbGciOiJIUzI1NiIsInR5cCI6IkpXVCJ9.eyJ1c2VySWQiOiJjZGEyOWFlZi04MzU0LTQ3YmEtYTE1YS0xYjlkMTM5ZmMyZDMiLCJpYXQiOjE3NTU1NDU3NTAsImV4cCI6MTc1NTYzMjE1MH0.3eDmg5HjizZtxx9ygzvT5sV8A_eEdJUKlqWb8YH2OdI 
 headers={'User-Agent': 'python-requests/2.32.3', 'Accept-Encoding': 'gzip, deflate', 'Accept': '*/*', 'Connection': 'keep-alive'} 
 body=None 
 </msg>
<msg time="2025-08-18T16:35:50.451164" level="INFO">GET Response : url=https://points-app-backend.vercel.app/confirm-email?token=eyJhbGciOiJIUzI1NiIsInR5cCI6IkpXVCJ9.eyJ1c2VySWQiOiJjZGEyOWFlZi04MzU0LTQ3YmEtYTE1YS0xYjlkMTM5ZmMyZDMiLCJpYXQiOjE3NTU1NDU3NTAsImV4cCI6MTc1NTYzMjE1MH0.3eDmg5HjizZtxx9ygzvT5sV8A_eEdJUKlqWb8YH2OdI 
 status=200, reason=OK 
 headers={'Age': '0', 'Cache-Control': 'public, max-age=0, must-revalidate', 'Content-Length': '30', 'Content-Type': 'text/html; charset=utf-8', 'Date': 'Mon, 18 Aug 2025 19:35:50 GMT', 'Etag': 'W/"1e-VXpZ5LXFd1natMb1Df/BOMt6AcA"', 'Server': 'Vercel', 'Strict-Transport-Security': 'max-age=63072000; includeSubDomains; preload', 'X-Powered-By': 'Express', 'X-Vercel-Cache': 'MISS', 'X-Vercel-Id': 'gru1::iad1::2x5c2-1755545750128-a627fb782845'} 
 body=E-mail confirmado com sucesso. 
 </msg>
<msg time="2025-08-18T16:35:50.451673" level="INFO">C:\Users\mathe\AppData\Local\Programs\Python\Python313\Lib\site-packages\urllib3\connectionpool.py:1097: InsecureRequestWarning: Unverified HTTPS request is being made to host 'points-app-backend.vercel.app'. Adding certificate verification is strongly advised. See: https://urllib3.readthedocs.io/en/latest/advanced-usage.html#tls-warnings
  warnings.warn(</msg>
<msg time="2025-08-18T16:35:50.452346" level="INFO">${resp} = &lt;Response [200]&gt;</msg>
<var>${resp}</var>
<arg>banking</arg>
<arg>url=/confirm-email?token=${CONFIRM_TOKEN}</arg>
<doc>Sends a GET request on a previously created HTTP Session.</doc>
<status status="PASS" start="2025-08-18T16:35:49.877910" elapsed="0.574569"/>
</kw>
<kw name="Should Be Equal As Integers" owner="BuiltIn">
<msg time="2025-08-18T16:35:50.454284" level="INFO">Argument types are:
&lt;class 'int'&gt;
&lt;class 'str'&gt;</msg>
<arg>${resp.status_code}</arg>
<arg>200</arg>
<doc>Fails if objects are unequal after converting them to integers.</doc>
<status status="PASS" start="2025-08-18T16:35:50.452961" elapsed="0.001486"/>
</kw>
<status status="PASS" start="2025-08-18T16:35:49.877366" elapsed="0.577238"/>
</kw>
<kw name="Fazer Login E Obter Token" owner="keywords">
<kw name="Create Dictionary" owner="BuiltIn">
<msg time="2025-08-18T16:35:50.456620" level="INFO">${payload} = {'email': 'teste_7669@example.com', 'password': 'Senha@123'}</msg>
<var>${payload}</var>
<arg>email=${EMAIL}</arg>
<arg>password=${PASSWORD}</arg>
<doc>Creates and returns a dictionary based on the given ``items``.</doc>
<status status="PASS" start="2025-08-18T16:35:50.456030" elapsed="0.000657"/>
</kw>
<kw name="POST On Session" owner="RequestsLibrary">
<msg time="2025-08-18T16:35:50.909172" level="INFO">POST Request : url=https://points-app-backend.vercel.app/login 
 path_url=/login 
 headers={'User-Agent': 'python-requests/2.32.3', 'Accept-Encoding': 'gzip, deflate', 'Accept': '*/*', 'Connection': 'keep-alive', 'Content-Length': '60', 'Content-Type': 'application/json'} 
 body=b'{"email": "teste_7669@example.com", "password": "Senha@123"}' 
 </msg>
<msg time="2025-08-18T16:35:50.909341" level="INFO">POST Response : url=https://points-app-backend.vercel.app/login 
 status=200, reason=OK 
 headers={'Cache-Control': 'public, max-age=0, must-revalidate', 'Content-Length': '204', 'Content-Type': 'application/json; charset=utf-8', 'Date': 'Mon, 18 Aug 2025 19:35:51 GMT', 'Etag': 'W/"cc-pwJLvrQO2xBhxGf+c7JyKwzN5zs"', 'Server': 'Vercel', 'Strict-Transport-Security': 'max-age=63072000; includeSubDomains; preload', 'X-Powered-By': 'Express', 'X-Vercel-Cache': 'MISS', 'X-Vercel-Id': 'gru1::iad1::6wmj9-1755545750707-9410c6059a87'} 
 body={"token":"eyJhbGciOiJIUzI1NiIsInR5cCI6IkpXVCJ9.eyJ1c2VySWQiOiJjZGEyOWFlZi04MzU0LTQ3YmEtYTE1YS0xYjlkMTM5ZmMyZDMiLCJpYXQiOjE3NTU1NDU3NTEsImV4cCI6MTc1NTU0NjM1MX0.i39GnZPcuJYVYgVhmVYBPNm0U9O2ged4lKHVlubeoUw"} 
 </msg>
<msg time="2025-08-18T16:35:50.909467" level="INFO">C:\Users\mathe\AppData\Local\Programs\Python\Python313\Lib\site-packages\urllib3\connectionpool.py:1097: InsecureRequestWarning: Unverified HTTPS request is being made to host 'points-app-backend.vercel.app'. Adding certificate verification is strongly advised. See: https://urllib3.readthedocs.io/en/latest/advanced-usage.html#tls-warnings
  warnings.warn(</msg>
<msg time="2025-08-18T16:35:50.910210" level="INFO">${resp} = &lt;Response [200]&gt;</msg>
<var>${resp}</var>
<arg>banking</arg>
<arg>url=/login</arg>
<arg>json=${payload}</arg>
<doc>Sends a POST request on a previously created HTTP Session.</doc>
<status status="PASS" start="2025-08-18T16:35:50.456934" elapsed="0.453359"/>
</kw>
<kw name="Set Suite Variable" owner="BuiltIn">
<msg time="2025-08-18T16:35:50.911855" level="INFO">${TOKEN} = eyJhbGciOiJIUzI1NiIsInR5cCI6IkpXVCJ9.eyJ1c2VySWQiOiJjZGEyOWFlZi04MzU0LTQ3YmEtYTE1YS0xYjlkMTM5ZmMyZDMiLCJpYXQiOjE3NTU1NDU3NTEsImV4cCI6MTc1NTU0NjM1MX0.i39GnZPcuJYVYgVhmVYBPNm0U9O2ged4lKHVlubeoUw</msg>
<arg>${TOKEN}</arg>
<arg>${resp.json()["token"]}</arg>
<doc>Makes a variable available everywhere within the scope of the current suite.</doc>
<status status="PASS" start="2025-08-18T16:35:50.910631" elapsed="0.001333"/>
</kw>
<status status="PASS" start="2025-08-18T16:35:50.455425" elapsed="0.456680"/>
</kw>
<kw name="Excluir Conta" owner="keywords">
<kw name="Create Dictionary" owner="BuiltIn">
<msg time="2025-08-18T16:35:50.914444" level="INFO">${payload} = {'password': 'Senha@123'}</msg>
<var>${payload}</var>
<arg>password=${PASSWORD}</arg>
<doc>Creates and returns a dictionary based on the given ``items``.</doc>
<status status="PASS" start="2025-08-18T16:35:50.913783" elapsed="0.000736"/>
</kw>
<kw name="Create Dictionary" owner="BuiltIn">
<msg time="2025-08-18T16:35:50.915309" level="INFO">${headers} = {'Authorization': 'Bearer eyJhbGciOiJIUzI1NiIsInR5cCI6IkpXVCJ9.eyJ1c2VySWQiOiJjZGEyOWFlZi04MzU0LTQ3YmEtYTE1YS0xYjlkMTM5ZmMyZDMiLCJpYXQiOjE3NTU1NDU3NTEsImV4cCI6MTc1NTU0NjM1MX0.i39GnZPcuJYVYgVhmVYBPNm0U...</msg>
<var>${headers}</var>
<arg>Authorization=Bearer ${TOKEN}</arg>
<doc>Creates and returns a dictionary based on the given ``items``.</doc>
<status status="PASS" start="2025-08-18T16:35:50.914815" elapsed="0.000566"/>
</kw>
<kw name="DELETE On Session" owner="RequestsLibrary">
<msg time="2025-08-18T16:35:51.742836" level="INFO">DELETE Request : url=https://points-app-backend.vercel.app/account 
 path_url=/account 
 headers={'User-Agent': 'python-requests/2.32.3', 'Accept-Encoding': 'gzip, deflate', 'Accept': '*/*', 'Connection': 'keep-alive', 'Authorization': 'Bearer eyJhbGciOiJIUzI1NiIsInR5cCI6IkpXVCJ9.eyJ1c2VySWQiOiJjZGEyOWFlZi04MzU0LTQ3YmEtYTE1YS0xYjlkMTM5ZmMyZDMiLCJpYXQiOjE3NTU1NDU3NTEsImV4cCI6MTc1NTU0NjM1MX0.i39GnZPcuJYVYgVhmVYBPNm0U9O2ged4lKHVlubeoUw', 'Content-Length': '25', 'Content-Type': 'application/json'} 
 body=b'{"password": "Senha@123"}' 
 </msg>
<msg time="2025-08-18T16:35:51.743017" level="INFO">DELETE Response : url=https://points-app-backend.vercel.app/account 
 status=200, reason=OK 
 headers={'Cache-Control': 'public, max-age=0, must-revalidate', 'Content-Length': '42', 'Content-Type': 'application/json; charset=utf-8', 'Date': 'Mon, 18 Aug 2025 19:35:51 GMT', 'Etag': 'W/"2a-FuTxTwh7UP3RbOpChKZe+0qZpgU"', 'Server': 'Vercel', 'Strict-Transport-Security': 'max-age=63072000; includeSubDomains; preload', 'X-Powered-By': 'Express', 'X-Vercel-Cache': 'MISS', 'X-Vercel-Id': 'gru1::iad1::9t7t4-1755545751166-7fe14494a99b'} 
 body={"message":"Conta marcada como deletada."} 
 </msg>
<msg time="2025-08-18T16:35:51.743145" level="INFO">C:\Users\mathe\AppData\Local\Programs\Python\Python313\Lib\site-packages\urllib3\connectionpool.py:1097: InsecureRequestWarning: Unverified HTTPS request is being made to host 'points-app-backend.vercel.app'. Adding certificate verification is strongly advised. See: https://urllib3.readthedocs.io/en/latest/advanced-usage.html#tls-warnings
  warnings.warn(</msg>
<msg time="2025-08-18T16:35:51.743908" level="INFO">${resp} = &lt;Response [200]&gt;</msg>
<var>${resp}</var>
<arg>banking</arg>
<arg>url=/account</arg>
<arg>json=${payload}</arg>
<arg>headers=${headers}</arg>
<doc>Sends a DELETE request on a previously created HTTP Session.</doc>
<status status="PASS" start="2025-08-18T16:35:50.915600" elapsed="0.828422"/>
</kw>
<return>
<value>${resp}</value>
<status status="PASS" start="2025-08-18T16:35:51.744277" elapsed="0.000131"/>
</return>
<msg time="2025-08-18T16:35:51.744754" level="INFO">${resp} = &lt;Response [200]&gt;</msg>
<var>${resp}</var>
<status status="PASS" start="2025-08-18T16:35:50.912949" elapsed="0.831862"/>
</kw>
<kw name="Should Be Equal As Integers" owner="BuiltIn">
<msg time="2025-08-18T16:35:51.746617" level="INFO">Argument types are:
&lt;class 'int'&gt;
&lt;class 'str'&gt;</msg>
<arg>${resp.status_code}</arg>
<arg>200</arg>
<doc>Fails if objects are unequal after converting them to integers.</doc>
<status status="PASS" start="2025-08-18T16:35:51.745493" elapsed="0.001323"/>
</kw>
<status status="PASS" start="2025-08-18T16:35:48.773772" elapsed="2.973727"/>
</test>
<test id="s1-s1-s1-t2" name="Deletar Conta Sem Autenticacao" line="19">
<kw name="Excluir Conta Sem Token E Capturar Erro" owner="keywords">
<kw name="Create Dictionary" owner="BuiltIn">
<msg time="2025-08-18T16:35:51.752476" level="INFO">${payload} = {'password': 'Senha@123'}</msg>
<var>${payload}</var>
<arg>password=${PASSWORD}</arg>
<doc>Creates and returns a dictionary based on the given ``items``.</doc>
<status status="PASS" start="2025-08-18T16:35:51.751964" elapsed="0.000585"/>
</kw>
<kw name="DELETE On Session" owner="RequestsLibrary">
<msg time="2025-08-18T16:35:51.925353" level="INFO">DELETE Request : url=https://points-app-backend.vercel.app/account 
 path_url=/account 
 headers={'User-Agent': 'python-requests/2.32.3', 'Accept-Encoding': 'gzip, deflate', 'Accept': '*/*', 'Connection': 'keep-alive', 'Content-Length': '25', 'Content-Type': 'application/json'} 
 body=b'{"password": "Senha@123"}' 
 </msg>
<msg time="2025-08-18T16:35:51.925550" level="INFO">DELETE Response : url=https://points-app-backend.vercel.app/account 
 status=401, reason=Unauthorized 
 headers={'Cache-Control': 'public, max-age=0, must-revalidate', 'Content-Length': '27', 'Content-Type': 'application/json; charset=utf-8', 'Date': 'Mon, 18 Aug 2025 19:35:52 GMT', 'Etag': 'W/"1b-4IshgmxDOVsbtSeqp9wvuSMaSLw"', 'Server': 'Vercel', 'Strict-Transport-Security': 'max-age=63072000; includeSubDomains; preload', 'X-Powered-By': 'Express', 'X-Vercel-Cache': 'MISS', 'X-Vercel-Id': 'gru1::iad1::bt45m-1755545752003-023a8f6ac4b0'} 
 body={"error":"Não autorizado"} 
 </msg>
<msg time="2025-08-18T16:35:51.925696" level="INFO">C:\Users\mathe\AppData\Local\Programs\Python\Python313\Lib\site-packages\urllib3\connectionpool.py:1097: InsecureRequestWarning: Unverified HTTPS request is being made to host 'points-app-backend.vercel.app'. Adding certificate verification is strongly advised. See: https://urllib3.readthedocs.io/en/latest/advanced-usage.html#tls-warnings
  warnings.warn(</msg>
<msg time="2025-08-18T16:35:51.926466" level="INFO">${resp} = &lt;Response [401]&gt;</msg>
<var>${resp}</var>
<arg>banking</arg>
<arg>/account</arg>
<arg>json=${payload}</arg>
<arg>expected_status=401</arg>
<doc>Sends a DELETE request on a previously created HTTP Session.</doc>
<status status="PASS" start="2025-08-18T16:35:51.752839" elapsed="0.173710"/>
</kw>
<return>
<value>${resp}</value>
<status status="PASS" start="2025-08-18T16:35:51.926715" elapsed="0.000114"/>
</return>
<msg time="2025-08-18T16:35:51.927125" level="INFO">${resp} = &lt;Response [401]&gt;</msg>
<var>${resp}</var>
<status status="PASS" start="2025-08-18T16:35:51.751336" elapsed="0.175844"/>
</kw>
<kw name="Should Be Equal As Integers" owner="BuiltIn">
<msg time="2025-08-18T16:35:51.928875" level="INFO">Argument types are:
&lt;class 'int'&gt;
&lt;class 'str'&gt;</msg>
<arg>${resp.status_code}</arg>
<arg>401</arg>
<doc>Fails if objects are unequal after converting them to integers.</doc>
<status status="PASS" start="2025-08-18T16:35:51.927848" elapsed="0.001167"/>
</kw>
<status status="PASS" start="2025-08-18T16:35:51.749745" elapsed="0.179924"/>
</test>
<test id="s1-s1-s1-t3" name="Deletar Conta Ja Deletada" line="24">
<kw name="Gerar Massa Usuario" owner="keywords">
<kw name="Evaluate" owner="BuiltIn">
<msg time="2025-08-18T16:35:51.934145" level="INFO">${cpf} = 65661763499</msg>
<var>${cpf}</var>
<arg>''.join([str(__import__('random').randint(0,9)) for _ in range(11)])</arg>
<arg>modules=random</arg>
<doc>Evaluates the given expression in Python and returns the result.</doc>
<status status="PASS" start="2025-08-18T16:35:51.933359" elapsed="0.000857"/>
</kw>
<kw name="Evaluate" owner="BuiltIn">
<msg time="2025-08-18T16:35:51.934894" level="INFO">${email} = teste_5348@example.com</msg>
<var>${email}</var>
<arg>f'teste_{__import__("random").randint(1000,9999)}@example.com'</arg>
<doc>Evaluates the given expression in Python and returns the result.</doc>
<status status="PASS" start="2025-08-18T16:35:51.934475" elapsed="0.000476"/>
</kw>
<kw name="Set Variable" owner="BuiltIn">
<msg time="2025-08-18T16:35:51.935408" level="INFO">${full_name} = João da Silva</msg>
<var>${full_name}</var>
<arg>João da Silva</arg>
<doc>Returns the given values which can then be assigned to a variables.</doc>
<status status="PASS" start="2025-08-18T16:35:51.935170" elapsed="0.000291"/>
</kw>
<kw name="Set Suite Variable" owner="BuiltIn">
<msg time="2025-08-18T16:35:51.936137" level="INFO">${CPF} = 65661763499</msg>
<arg>${CPF}</arg>
<arg>${cpf}</arg>
<doc>Makes a variable available everywhere within the scope of the current suite.</doc>
<status status="PASS" start="2025-08-18T16:35:51.935749" elapsed="0.000479"/>
</kw>
<kw name="Set Suite Variable" owner="BuiltIn">
<msg time="2025-08-18T16:35:51.936845" level="INFO">${EMAIL} = teste_5348@example.com</msg>
<arg>${EMAIL}</arg>
<arg>${email}</arg>
<doc>Makes a variable available everywhere within the scope of the current suite.</doc>
<status status="PASS" start="2025-08-18T16:35:51.936464" elapsed="0.000465"/>
</kw>
<kw name="Set Suite Variable" owner="BuiltIn">
<msg time="2025-08-18T16:35:51.937479" level="INFO">${FULL_NAME} = João da Silva</msg>
<arg>${FULL_NAME}</arg>
<arg>${full_name}</arg>
<doc>Makes a variable available everywhere within the scope of the current suite.</doc>
<status status="PASS" start="2025-08-18T16:35:51.937140" elapsed="0.000418"/>
</kw>
<kw name="Set Suite Variable" owner="BuiltIn">
<msg time="2025-08-18T16:35:51.938243" level="INFO">${PASSWORD} = Senha@123</msg>
<arg>${PASSWORD}</arg>
<arg>Senha@123</arg>
<doc>Makes a variable available everywhere within the scope of the current suite.</doc>
<status status="PASS" start="2025-08-18T16:35:51.937815" elapsed="0.000527"/>
</kw>
<status status="PASS" start="2025-08-18T16:35:51.932812" elapsed="0.005663"/>
</kw>
<kw name="Criar Sessao API" owner="keywords">
<kw name="Create Session" owner="RequestsLibrary">
<msg time="2025-08-18T16:35:51.940387" level="INFO">Creating Session using : alias=banking, url=https://points-app-backend.vercel.app, headers={},                     cookies={}, auth=None, timeout=None, proxies=None, verify=False,                     debug=0 </msg>
<arg>banking</arg>
<arg>${BASE_URL}</arg>
<doc>Create Session: create a HTTP session to a server</doc>
<status status="PASS" start="2025-08-18T16:35:51.939971" elapsed="0.000961"/>
</kw>
<status status="PASS" start="2025-08-18T16:35:51.939225" elapsed="0.001924"/>
</kw>
<kw name="Cadastrar Usuario" owner="keywords">
<kw name="Create Dictionary" owner="BuiltIn">
<msg time="2025-08-18T16:35:51.943249" level="INFO">${payload} = {'cpf': '65661763499', 'full_name': 'João da Silva', 'email': 'teste_5348@example.com', 'password': 'Senha@123', 'confirmPassword': 'Senha@123'}</msg>
<var>${payload}</var>
<arg>cpf=${CPF}</arg>
<arg>full_name=${FULL_NAME}</arg>
<arg>email=${EMAIL}</arg>
<arg>password=${PASSWORD}</arg>
<arg>confirmPassword=${PASSWORD}</arg>
<doc>Creates and returns a dictionary based on the given ``items``.</doc>
<status status="PASS" start="2025-08-18T16:35:51.942546" elapsed="0.000799"/>
</kw>
<kw name="POST On Session" owner="RequestsLibrary">
<msg time="2025-08-18T16:35:52.502431" level="INFO">POST Request : url=https://points-app-backend.vercel.app/cadastro 
 path_url=/cadastro 
 headers={'User-Agent': 'python-requests/2.32.3', 'Accept-Encoding': 'gzip, deflate', 'Accept': '*/*', 'Connection': 'keep-alive', 'Content-Length': '149', 'Content-Type': 'application/json'} 
 body=b'{"cpf": "65661763499", "full_name": "Jo\\u00e3o da Silva", "email": "teste_5348@example.com", "password": "Senha@123", "confirmPassword": "Senha@123"}' 
 </msg>
<msg time="2025-08-18T16:35:52.502604" level="INFO">POST Response : url=https://points-app-backend.vercel.app/cadastro 
 status=201, reason=Created 
 headers={'Cache-Control': 'public, max-age=0, must-revalidate', 'Content-Length': '255', 'Content-Type': 'application/json; charset=utf-8', 'Date': 'Mon, 18 Aug 2025 19:35:52 GMT', 'Etag': 'W/"ff-CfOdinAlPTNlUUXbq9bgiBQ/MlU"', 'Server': 'Vercel', 'Strict-Transport-Security': 'max-age=63072000; includeSubDomains; preload', 'X-Powered-By': 'Express', 'X-Vercel-Cache': 'MISS', 'X-Vercel-Id': 'gru1::iad1::vxmsh-1755545752322-e32b4f5f677b'} 
 body={"message":"Cadastro realizado com sucesso.","confirmToken":"eyJhbGciOiJIUzI1NiIsInR5cCI6IkpXVCJ9.eyJ1c2VySWQiOiI4MGE2N2IzZC1lYjZhLTQ4OWYtYjc2YS05YWZkNGQxNGEzZWUiLCJpYXQiOjE3NTU1NDU3NTIsImV4cCI6MTc1NTYzMjE1Mn0.nhYd-Gn05-MwZDp3CodCEl2td4LH6vf0VBUbkjMtv4E"} 
 </msg>
<msg time="2025-08-18T16:35:52.502870" level="INFO">C:\Users\mathe\AppData\Local\Programs\Python\Python313\Lib\site-packages\urllib3\connectionpool.py:1097: InsecureRequestWarning: Unverified HTTPS request is being made to host 'points-app-backend.vercel.app'. Adding certificate verification is strongly advised. See: https://urllib3.readthedocs.io/en/latest/advanced-usage.html#tls-warnings
  warnings.warn(</msg>
<msg time="2025-08-18T16:35:52.503653" level="INFO">${resp} = &lt;Response [201]&gt;</msg>
<var>${resp}</var>
<arg>banking</arg>
<arg>url=/cadastro</arg>
<arg>json=${payload}</arg>
<doc>Sends a POST request on a previously created HTTP Session.</doc>
<status status="PASS" start="2025-08-18T16:35:51.943639" elapsed="0.560099"/>
</kw>
<kw name="Set Suite Variable" owner="BuiltIn">
<msg time="2025-08-18T16:35:52.505213" level="INFO">${CONFIRM_TOKEN} = eyJhbGciOiJIUzI1NiIsInR5cCI6IkpXVCJ9.eyJ1c2VySWQiOiI4MGE2N2IzZC1lYjZhLTQ4OWYtYjc2YS05YWZkNGQxNGEzZWUiLCJpYXQiOjE3NTU1NDU3NTIsImV4cCI6MTc1NTYzMjE1Mn0.nhYd-Gn05-MwZDp3CodCEl2td4LH6vf0VBUbkjMtv4E</msg>
<arg>${CONFIRM_TOKEN}</arg>
<arg>${resp.json()["confirmToken"]}</arg>
<doc>Makes a variable available everywhere within the scope of the current suite.</doc>
<status status="PASS" start="2025-08-18T16:35:52.504074" elapsed="0.001244"/>
</kw>
<status status="PASS" start="2025-08-18T16:35:51.941990" elapsed="0.563464"/>
</kw>
<kw name="Confirmar Email" owner="keywords">
<kw name="GET On Session" owner="RequestsLibrary">
<msg time="2025-08-18T16:35:52.832114" level="INFO">GET Request : url=https://points-app-backend.vercel.app/confirm-email?token=eyJhbGciOiJIUzI1NiIsInR5cCI6IkpXVCJ9.eyJ1c2VySWQiOiI4MGE2N2IzZC1lYjZhLTQ4OWYtYjc2YS05YWZkNGQxNGEzZWUiLCJpYXQiOjE3NTU1NDU3NTIsImV4cCI6MTc1NTYzMjE1Mn0.nhYd-Gn05-MwZDp3CodCEl2td4LH6vf0VBUbkjMtv4E 
 path_url=/confirm-email?token=eyJhbGciOiJIUzI1NiIsInR5cCI6IkpXVCJ9.eyJ1c2VySWQiOiI4MGE2N2IzZC1lYjZhLTQ4OWYtYjc2YS05YWZkNGQxNGEzZWUiLCJpYXQiOjE3NTU1NDU3NTIsImV4cCI6MTc1NTYzMjE1Mn0.nhYd-Gn05-MwZDp3CodCEl2td4LH6vf0VBUbkjMtv4E 
 headers={'User-Agent': 'python-requests/2.32.3', 'Accept-Encoding': 'gzip, deflate', 'Accept': '*/*', 'Connection': 'keep-alive'} 
 body=None 
 </msg>
<msg time="2025-08-18T16:35:52.832293" level="INFO">GET Response : url=https://points-app-backend.vercel.app/confirm-email?token=eyJhbGciOiJIUzI1NiIsInR5cCI6IkpXVCJ9.eyJ1c2VySWQiOiI4MGE2N2IzZC1lYjZhLTQ4OWYtYjc2YS05YWZkNGQxNGEzZWUiLCJpYXQiOjE3NTU1NDU3NTIsImV4cCI6MTc1NTYzMjE1Mn0.nhYd-Gn05-MwZDp3CodCEl2td4LH6vf0VBUbkjMtv4E 
 status=200, reason=OK 
 headers={'Age': '0', 'Cache-Control': 'public, max-age=0, must-revalidate', 'Content-Length': '30', 'Content-Type': 'text/html; charset=utf-8', 'Date': 'Mon, 18 Aug 2025 19:35:52 GMT', 'Etag': 'W/"1e-VXpZ5LXFd1natMb1Df/BOMt6AcA"', 'Server': 'Vercel', 'Strict-Transport-Security': 'max-age=63072000; includeSubDomains; preload', 'X-Powered-By': 'Express', 'X-Vercel-Cache': 'MISS', 'X-Vercel-Id': 'gru1::iad1::jll7q-1755545752757-d584616867af'} 
 body=E-mail confirmado com sucesso. 
 </msg>
<msg time="2025-08-18T16:35:52.832429" level="INFO">C:\Users\mathe\AppData\Local\Programs\Python\Python313\Lib\site-packages\urllib3\connectionpool.py:1097: InsecureRequestWarning: Unverified HTTPS request is being made to host 'points-app-backend.vercel.app'. Adding certificate verification is strongly advised. See: https://urllib3.readthedocs.io/en/latest/advanced-usage.html#tls-warnings
  warnings.warn(</msg>
<msg time="2025-08-18T16:35:52.833110" level="INFO">${resp} = &lt;Response [200]&gt;</msg>
<var>${resp}</var>
<arg>banking</arg>
<arg>url=/confirm-email?token=${CONFIRM_TOKEN}</arg>
<doc>Sends a GET request on a previously created HTTP Session.</doc>
<status status="PASS" start="2025-08-18T16:35:52.506768" elapsed="0.326445"/>
</kw>
<kw name="Should Be Equal As Integers" owner="BuiltIn">
<msg time="2025-08-18T16:35:52.834526" level="INFO">Argument types are:
&lt;class 'int'&gt;
&lt;class 'str'&gt;</msg>
<arg>${resp.status_code}</arg>
<arg>200</arg>
<doc>Fails if objects are unequal after converting them to integers.</doc>
<status status="PASS" start="2025-08-18T16:35:52.833578" elapsed="0.001090"/>
</kw>
<status status="PASS" start="2025-08-18T16:35:52.506265" elapsed="0.328536"/>
</kw>
<kw name="Fazer Login E Obter Token" owner="keywords">
<kw name="Create Dictionary" owner="BuiltIn">
<msg time="2025-08-18T16:35:52.836828" level="INFO">${payload} = {'email': 'teste_5348@example.com', 'password': 'Senha@123'}</msg>
<var>${payload}</var>
<arg>email=${EMAIL}</arg>
<arg>password=${PASSWORD}</arg>
<doc>Creates and returns a dictionary based on the given ``items``.</doc>
<status status="PASS" start="2025-08-18T16:35:52.836104" elapsed="0.000814"/>
</kw>
<kw name="POST On Session" owner="RequestsLibrary">
<msg time="2025-08-18T16:35:53.261307" level="INFO">POST Request : url=https://points-app-backend.vercel.app/login 
 path_url=/login 
 headers={'User-Agent': 'python-requests/2.32.3', 'Accept-Encoding': 'gzip, deflate', 'Accept': '*/*', 'Connection': 'keep-alive', 'Content-Length': '60', 'Content-Type': 'application/json'} 
 body=b'{"email": "teste_5348@example.com", "password": "Senha@123"}' 
 </msg>
<msg time="2025-08-18T16:35:53.261490" level="INFO">POST Response : url=https://points-app-backend.vercel.app/login 
 status=200, reason=OK 
 headers={'Cache-Control': 'public, max-age=0, must-revalidate', 'Content-Length': '204', 'Content-Type': 'application/json; charset=utf-8', 'Date': 'Mon, 18 Aug 2025 19:35:53 GMT', 'Etag': 'W/"cc-qwzHnmy820geO3fZww7fDVkq4DY"', 'Server': 'Vercel', 'Strict-Transport-Security': 'max-age=63072000; includeSubDomains; preload', 'X-Powered-By': 'Express', 'X-Vercel-Cache': 'MISS', 'X-Vercel-Id': 'gru1::iad1::cltxk-1755545753087-837b2ea3a321'} 
 body={"token":"eyJhbGciOiJIUzI1NiIsInR5cCI6IkpXVCJ9.eyJ1c2VySWQiOiI4MGE2N2IzZC1lYjZhLTQ4OWYtYjc2YS05YWZkNGQxNGEzZWUiLCJpYXQiOjE3NTU1NDU3NTMsImV4cCI6MTc1NTU0NjM1M30.yipRPIH__7VtgE9bh2YIBJzne9YjXsuOfPpNCnnSevg"} 
 </msg>
<msg time="2025-08-18T16:35:53.261621" level="INFO">C:\Users\mathe\AppData\Local\Programs\Python\Python313\Lib\site-packages\urllib3\connectionpool.py:1097: InsecureRequestWarning: Unverified HTTPS request is being made to host 'points-app-backend.vercel.app'. Adding certificate verification is strongly advised. See: https://urllib3.readthedocs.io/en/latest/advanced-usage.html#tls-warnings
  warnings.warn(</msg>
<msg time="2025-08-18T16:35:53.262399" level="INFO">${resp} = &lt;Response [200]&gt;</msg>
<var>${resp}</var>
<arg>banking</arg>
<arg>url=/login</arg>
<arg>json=${payload}</arg>
<doc>Sends a POST request on a previously created HTTP Session.</doc>
<status status="PASS" start="2025-08-18T16:35:52.837217" elapsed="0.425265"/>
</kw>
<kw name="Set Suite Variable" owner="BuiltIn">
<msg time="2025-08-18T16:35:53.264174" level="INFO">${TOKEN} = eyJhbGciOiJIUzI1NiIsInR5cCI6IkpXVCJ9.eyJ1c2VySWQiOiI4MGE2N2IzZC1lYjZhLTQ4OWYtYjc2YS05YWZkNGQxNGEzZWUiLCJpYXQiOjE3NTU1NDU3NTMsImV4cCI6MTc1NTU0NjM1M30.yipRPIH__7VtgE9bh2YIBJzne9YjXsuOfPpNCnnSevg</msg>
<arg>${TOKEN}</arg>
<arg>${resp.json()["token"]}</arg>
<doc>Makes a variable available everywhere within the scope of the current suite.</doc>
<status status="PASS" start="2025-08-18T16:35:53.262816" elapsed="0.001479"/>
</kw>
<status status="PASS" start="2025-08-18T16:35:52.835523" elapsed="0.428921"/>
</kw>
<kw name="Excluir Conta" owner="keywords">
<kw name="Create Dictionary" owner="BuiltIn">
<msg time="2025-08-18T16:35:53.266327" level="INFO">${payload} = {'password': 'Senha@123'}</msg>
<var>${payload}</var>
<arg>password=${PASSWORD}</arg>
<doc>Creates and returns a dictionary based on the given ``items``.</doc>
<status status="PASS" start="2025-08-18T16:35:53.265868" elapsed="0.000521"/>
</kw>
<kw name="Create Dictionary" owner="BuiltIn">
<msg time="2025-08-18T16:35:53.267046" level="INFO">${headers} = {'Authorization': 'Bearer eyJhbGciOiJIUzI1NiIsInR5cCI6IkpXVCJ9.eyJ1c2VySWQiOiI4MGE2N2IzZC1lYjZhLTQ4OWYtYjc2YS05YWZkNGQxNGEzZWUiLCJpYXQiOjE3NTU1NDU3NTMsImV4cCI6MTc1NTU0NjM1M30.yipRPIH__7VtgE9bh2YIBJzne...</msg>
<var>${headers}</var>
<arg>Authorization=Bearer ${TOKEN}</arg>
<doc>Creates and returns a dictionary based on the given ``items``.</doc>
<status status="PASS" start="2025-08-18T16:35:53.266643" elapsed="0.000459"/>
</kw>
<kw name="DELETE On Session" owner="RequestsLibrary">
<msg time="2025-08-18T16:35:53.856367" level="INFO">DELETE Request : url=https://points-app-backend.vercel.app/account 
 path_url=/account 
 headers={'User-Agent': 'python-requests/2.32.3', 'Accept-Encoding': 'gzip, deflate', 'Accept': '*/*', 'Connection': 'keep-alive', 'Authorization': 'Bearer eyJhbGciOiJIUzI1NiIsInR5cCI6IkpXVCJ9.eyJ1c2VySWQiOiI4MGE2N2IzZC1lYjZhLTQ4OWYtYjc2YS05YWZkNGQxNGEzZWUiLCJpYXQiOjE3NTU1NDU3NTMsImV4cCI6MTc1NTU0NjM1M30.yipRPIH__7VtgE9bh2YIBJzne9YjXsuOfPpNCnnSevg', 'Content-Length': '25', 'Content-Type': 'application/json'} 
 body=b'{"password": "Senha@123"}' 
 </msg>
<msg time="2025-08-18T16:35:53.856551" level="INFO">DELETE Response : url=https://points-app-backend.vercel.app/account 
 status=200, reason=OK 
 headers={'Cache-Control': 'public, max-age=0, must-revalidate', 'Content-Length': '42', 'Content-Type': 'application/json; charset=utf-8', 'Date': 'Mon, 18 Aug 2025 19:35:54 GMT', 'Etag': 'W/"2a-FuTxTwh7UP3RbOpChKZe+0qZpgU"', 'Server': 'Vercel', 'Strict-Transport-Security': 'max-age=63072000; includeSubDomains; preload', 'X-Powered-By': 'Express', 'X-Vercel-Cache': 'MISS', 'X-Vercel-Id': 'gru1::iad1::z55lk-1755545753519-6d3ecc21e7d1'} 
 body={"message":"Conta marcada como deletada."} 
 </msg>
<msg time="2025-08-18T16:35:53.856683" level="INFO">C:\Users\mathe\AppData\Local\Programs\Python\Python313\Lib\site-packages\urllib3\connectionpool.py:1097: InsecureRequestWarning: Unverified HTTPS request is being made to host 'points-app-backend.vercel.app'. Adding certificate verification is strongly advised. See: https://urllib3.readthedocs.io/en/latest/advanced-usage.html#tls-warnings
  warnings.warn(</msg>
<msg time="2025-08-18T16:35:53.857489" level="INFO">${resp} = &lt;Response [200]&gt;</msg>
<var>${resp}</var>
<arg>banking</arg>
<arg>url=/account</arg>
<arg>json=${payload}</arg>
<arg>headers=${headers}</arg>
<doc>Sends a DELETE request on a previously created HTTP Session.</doc>
<status status="PASS" start="2025-08-18T16:35:53.267580" elapsed="0.589993"/>
</kw>
<return>
<value>${resp}</value>
<status status="PASS" start="2025-08-18T16:35:53.857732" elapsed="0.000091"/>
</return>
<msg time="2025-08-18T16:35:53.858100" level="INFO">${resp} = &lt;Response [200]&gt;</msg>
<var>${resp}</var>
<status status="PASS" start="2025-08-18T16:35:53.265205" elapsed="0.592950"/>
</kw>
<kw name="Should Be Equal As Integers" owner="BuiltIn">
<msg time="2025-08-18T16:35:53.859799" level="INFO">Argument types are:
&lt;class 'int'&gt;
&lt;class 'str'&gt;</msg>
<arg>${resp.status_code}</arg>
<arg>200</arg>
<doc>Fails if objects are unequal after converting them to integers.</doc>
<status status="PASS" start="2025-08-18T16:35:53.858767" elapsed="0.001162"/>
</kw>
<kw name="Excluir Conta" owner="keywords">
<kw name="Create Dictionary" owner="BuiltIn">
<msg time="2025-08-18T16:35:53.861722" level="INFO">${payload} = {'password': 'Senha@123'}</msg>
<var>${payload}</var>
<arg>password=${PASSWORD}</arg>
<doc>Creates and returns a dictionary based on the given ``items``.</doc>
<status status="PASS" start="2025-08-18T16:35:53.861268" elapsed="0.000518"/>
</kw>
<kw name="Create Dictionary" owner="BuiltIn">
<msg time="2025-08-18T16:35:53.862439" level="INFO">${headers} = {'Authorization': 'Bearer eyJhbGciOiJIUzI1NiIsInR5cCI6IkpXVCJ9.eyJ1c2VySWQiOiI4MGE2N2IzZC1lYjZhLTQ4OWYtYjc2YS05YWZkNGQxNGEzZWUiLCJpYXQiOjE3NTU1NDU3NTMsImV4cCI6MTc1NTU0NjM1M30.yipRPIH__7VtgE9bh2YIBJzne...</msg>
<var>${headers}</var>
<arg>Authorization=Bearer ${TOKEN}</arg>
<doc>Creates and returns a dictionary based on the given ``items``.</doc>
<status status="PASS" start="2025-08-18T16:35:53.862035" elapsed="0.000463"/>
</kw>
<kw name="DELETE On Session" owner="RequestsLibrary">
<msg time="2025-08-18T16:35:54.440234" level="INFO">DELETE Request : url=https://points-app-backend.vercel.app/account 
 path_url=/account 
 headers={'User-Agent': 'python-requests/2.32.3', 'Accept-Encoding': 'gzip, deflate', 'Accept': '*/*', 'Connection': 'keep-alive', 'Authorization': 'Bearer eyJhbGciOiJIUzI1NiIsInR5cCI6IkpXVCJ9.eyJ1c2VySWQiOiI4MGE2N2IzZC1lYjZhLTQ4OWYtYjc2YS05YWZkNGQxNGEzZWUiLCJpYXQiOjE3NTU1NDU3NTMsImV4cCI6MTc1NTU0NjM1M30.yipRPIH__7VtgE9bh2YIBJzne9YjXsuOfPpNCnnSevg', 'Content-Length': '25', 'Content-Type': 'application/json'} 
 body=b'{"password": "Senha@123"}' 
 </msg>
<msg time="2025-08-18T16:35:54.440408" level="INFO">DELETE Response : url=https://points-app-backend.vercel.app/account 
 status=200, reason=OK 
 headers={'Cache-Control': 'public, max-age=0, must-revalidate', 'Content-Length': '42', 'Content-Type': 'application/json; charset=utf-8', 'Date': 'Mon, 18 Aug 2025 19:35:54 GMT', 'Etag': 'W/"2a-FuTxTwh7UP3RbOpChKZe+0qZpgU"', 'Server': 'Vercel', 'Strict-Transport-Security': 'max-age=63072000; includeSubDomains; preload', 'X-Powered-By': 'Express', 'X-Vercel-Cache': 'MISS', 'X-Vercel-Id': 'gru1::iad1::vxmsh-1755545754114-b6b3c65be35a'} 
 body={"message":"Conta marcada como deletada."} 
 </msg>
<msg time="2025-08-18T16:35:54.440530" level="INFO">C:\Users\mathe\AppData\Local\Programs\Python\Python313\Lib\site-packages\urllib3\connectionpool.py:1097: InsecureRequestWarning: Unverified HTTPS request is being made to host 'points-app-backend.vercel.app'. Adding certificate verification is strongly advised. See: https://urllib3.readthedocs.io/en/latest/advanced-usage.html#tls-warnings
  warnings.warn(</msg>
<msg time="2025-08-18T16:35:54.441297" level="INFO">${resp} = &lt;Response [200]&gt;</msg>
<var>${resp}</var>
<arg>banking</arg>
<arg>url=/account</arg>
<arg>json=${payload}</arg>
<arg>headers=${headers}</arg>
<doc>Sends a DELETE request on a previously created HTTP Session.</doc>
<status status="PASS" start="2025-08-18T16:35:53.862699" elapsed="0.578680"/>
</kw>
<return>
<value>${resp}</value>
<status status="PASS" start="2025-08-18T16:35:54.441554" elapsed="0.000095"/>
</return>
<msg time="2025-08-18T16:35:54.441961" level="INFO">${resp2} = &lt;Response [200]&gt;</msg>
<var>${resp2}</var>
<status status="PASS" start="2025-08-18T16:35:53.860712" elapsed="0.581305"/>
</kw>
<kw name="Run Keyword If" owner="BuiltIn">
<kw name="Log" owner="BuiltIn">
<msg time="2025-08-18T16:35:54.444382" level="WARN">🐞 BUG-001: API permitiu deletar conta já deletada, retornou 200 em vez de 400</msg>
<arg>🐞 BUG-001: API permitiu deletar conta já deletada, retornou 200 em vez de 400</arg>
<arg>WARN</arg>
<doc>Logs the given message with the given level.</doc>
<status status="PASS" start="2025-08-18T16:35:54.444014" elapsed="0.001591"/>
</kw>
<arg>${resp2.status_code} == 200</arg>
<arg>Log</arg>
<arg>🐞 BUG-001: API permitiu deletar conta já deletada, retornou 200 em vez de 400</arg>
<arg>WARN</arg>
<arg>ELSE</arg>
<arg>Should Be Equal As Integers</arg>
<arg>${resp2.status_code}</arg>
<arg>400</arg>
<doc>Runs the given keyword with the given arguments, if ``condition`` is true.</doc>
<status status="PASS" start="2025-08-18T16:35:54.442736" elapsed="0.003036"/>
</kw>
<doc>Deve falhar ao tentar deletar conta já deletada (BUG conhecido: API retorna 200 em vez de 400)</doc>
<tag>known_bug</tag>
<status status="PASS" start="2025-08-18T16:35:51.931301" elapsed="2.515075"/>
</test>
<status status="PASS" start="2025-08-18T16:35:48.387099" elapsed="6.061232"/>
</suite>
<status status="PASS" start="2025-08-18T16:35:48.385783" elapsed="6.064841"/>
</suite>
<suite id="s1-s2" name="Auth" source="C:\Teste_API_Rethink\Tests\auth">
<suite id="s1-s2-s1" name="Test Login" source="C:\Teste_API_Rethink\Tests\auth\test_login.robot">
<test id="s1-s2-s1-t1" name="Login Com Credenciais Válidas" line="8">
<kw name="Criar Sessao API">
<kw name="Create Session" owner="RequestsLibrary">
<msg time="2025-08-18T16:35:54.469916" level="INFO">Creating Session using : alias=banking, url=https://points-app-backend.vercel.app, headers={},                     cookies={}, auth=None, timeout=None, proxies=None, verify=False,                     debug=0 </msg>
<arg>banking</arg>
<arg>${BASE_URL}</arg>
<arg>verify=${False}</arg>
<doc>Create Session: create a HTTP session to a server</doc>
<status status="PASS" start="2025-08-18T16:35:54.469471" elapsed="0.000999"/>
</kw>
<doc>Cria a sessão para acessar a API</doc>
<status status="PASS" start="2025-08-18T16:35:54.468821" elapsed="0.001809"/>
</kw>
<kw name="Gerar Massa Usuario" owner="keywords">
<kw name="Evaluate" owner="BuiltIn">
<msg time="2025-08-18T16:35:54.472666" level="INFO">${cpf} = 44998713774</msg>
<var>${cpf}</var>
<arg>''.join([str(__import__('random').randint(0,9)) for _ in range(11)])</arg>
<arg>modules=random</arg>
<doc>Evaluates the given expression in Python and returns the result.</doc>
<status status="PASS" start="2025-08-18T16:35:54.471976" elapsed="0.000748"/>
</kw>
<kw name="Evaluate" owner="BuiltIn">
<msg time="2025-08-18T16:35:54.473364" level="INFO">${email} = teste_2765@example.com</msg>
<var>${email}</var>
<arg>f'teste_{__import__("random").randint(1000,9999)}@example.com'</arg>
<doc>Evaluates the given expression in Python and returns the result.</doc>
<status status="PASS" start="2025-08-18T16:35:54.472981" elapsed="0.000434"/>
</kw>
<kw name="Set Variable" owner="BuiltIn">
<msg time="2025-08-18T16:35:54.473836" level="INFO">${full_name} = João da Silva</msg>
<var>${full_name}</var>
<arg>João da Silva</arg>
<doc>Returns the given values which can then be assigned to a variables.</doc>
<status status="PASS" start="2025-08-18T16:35:54.473619" elapsed="0.000265"/>
</kw>
<kw name="Set Suite Variable" owner="BuiltIn">
<msg time="2025-08-18T16:35:54.474412" level="INFO">${CPF} = 44998713774</msg>
<arg>${CPF}</arg>
<arg>${cpf}</arg>
<doc>Makes a variable available everywhere within the scope of the current suite.</doc>
<status status="PASS" start="2025-08-18T16:35:54.474093" elapsed="0.000393"/>
</kw>
<kw name="Set Suite Variable" owner="BuiltIn">
<msg time="2025-08-18T16:35:54.474990" level="INFO">${EMAIL} = teste_2765@example.com</msg>
<arg>${EMAIL}</arg>
<arg>${email}</arg>
<doc>Makes a variable available everywhere within the scope of the current suite.</doc>
<status status="PASS" start="2025-08-18T16:35:54.474678" elapsed="0.000389"/>
</kw>
<kw name="Set Suite Variable" owner="BuiltIn">
<msg time="2025-08-18T16:35:54.475654" level="INFO">${FULL_NAME} = João da Silva</msg>
<arg>${FULL_NAME}</arg>
<arg>${full_name}</arg>
<doc>Makes a variable available everywhere within the scope of the current suite.</doc>
<status status="PASS" start="2025-08-18T16:35:54.475255" elapsed="0.000528"/>
</kw>
<kw name="Set Suite Variable" owner="BuiltIn">
<msg time="2025-08-18T16:35:54.477065" level="INFO">${PASSWORD} = Senha@123</msg>
<arg>${PASSWORD}</arg>
<arg>Senha@123</arg>
<doc>Makes a variable available everywhere within the scope of the current suite.</doc>
<status status="PASS" start="2025-08-18T16:35:54.476445" elapsed="0.000765"/>
</kw>
<status status="PASS" start="2025-08-18T16:35:54.471459" elapsed="0.005916"/>
</kw>
<kw name="Cadastrar Usuario" owner="keywords">
<kw name="Create Dictionary" owner="BuiltIn">
<msg time="2025-08-18T16:35:54.479227" level="INFO">${payload} = {'cpf': '44998713774', 'full_name': 'João da Silva', 'email': 'teste_2765@example.com', 'password': 'Senha@123', 'confirmPassword': 'Senha@123'}</msg>
<var>${payload}</var>
<arg>cpf=${CPF}</arg>
<arg>full_name=${FULL_NAME}</arg>
<arg>email=${EMAIL}</arg>
<arg>password=${PASSWORD}</arg>
<arg>confirmPassword=${PASSWORD}</arg>
<doc>Creates and returns a dictionary based on the given ``items``.</doc>
<status status="PASS" start="2025-08-18T16:35:54.478515" elapsed="0.000780"/>
</kw>
<kw name="POST On Session" owner="RequestsLibrary">
<msg time="2025-08-18T16:35:55.009661" level="INFO">POST Request : url=https://points-app-backend.vercel.app/cadastro 
 path_url=/cadastro 
 headers={'User-Agent': 'python-requests/2.32.3', 'Accept-Encoding': 'gzip, deflate', 'Accept': '*/*', 'Connection': 'keep-alive', 'Content-Length': '149', 'Content-Type': 'application/json'} 
 body=b'{"cpf": "44998713774", "full_name": "Jo\\u00e3o da Silva", "email": "teste_2765@example.com", "password": "Senha@123", "confirmPassword": "Senha@123"}' 
 </msg>
<msg time="2025-08-18T16:35:55.009843" level="INFO">POST Response : url=https://points-app-backend.vercel.app/cadastro 
 status=201, reason=Created 
 headers={'Cache-Control': 'public, max-age=0, must-revalidate', 'Content-Length': '255', 'Content-Type': 'application/json; charset=utf-8', 'Date': 'Mon, 18 Aug 2025 19:35:55 GMT', 'Etag': 'W/"ff-BLb4qGouM9dlbS5ipPFSkEgP6Sg"', 'Server': 'Vercel', 'Strict-Transport-Security': 'max-age=63072000; includeSubDomains; preload', 'X-Powered-By': 'Express', 'X-Vercel-Cache': 'MISS', 'X-Vercel-Id': 'gru1::iad1::xnf8j-1755545754830-f21ad9bc13c4'} 
 body={"message":"Cadastro realizado com sucesso.","confirmToken":"eyJhbGciOiJIUzI1NiIsInR5cCI6IkpXVCJ9.eyJ1c2VySWQiOiJkYmUxNGMxYi05N2FjLTRmMzUtODNlMC0wYmIyMmVjM2NlODMiLCJpYXQiOjE3NTU1NDU3NTUsImV4cCI6MTc1NTYzMjE1NX0.isy51BPKRKNM7aH7Fm9NuyB-9xcPCGMe2cFsGlKfj0Q"} 
 </msg>
<msg time="2025-08-18T16:35:55.009969" level="INFO">C:\Users\mathe\AppData\Local\Programs\Python\Python313\Lib\site-packages\urllib3\connectionpool.py:1097: InsecureRequestWarning: Unverified HTTPS request is being made to host 'points-app-backend.vercel.app'. Adding certificate verification is strongly advised. See: https://urllib3.readthedocs.io/en/latest/advanced-usage.html#tls-warnings
  warnings.warn(</msg>
<msg time="2025-08-18T16:35:55.010701" level="INFO">${resp} = &lt;Response [201]&gt;</msg>
<var>${resp}</var>
<arg>banking</arg>
<arg>url=/cadastro</arg>
<arg>json=${payload}</arg>
<doc>Sends a POST request on a previously created HTTP Session.</doc>
<status status="PASS" start="2025-08-18T16:35:54.479558" elapsed="0.531226"/>
</kw>
<kw name="Set Suite Variable" owner="BuiltIn">
<msg time="2025-08-18T16:35:55.012346" level="INFO">${CONFIRM_TOKEN} = eyJhbGciOiJIUzI1NiIsInR5cCI6IkpXVCJ9.eyJ1c2VySWQiOiJkYmUxNGMxYi05N2FjLTRmMzUtODNlMC0wYmIyMmVjM2NlODMiLCJpYXQiOjE3NTU1NDU3NTUsImV4cCI6MTc1NTYzMjE1NX0.isy51BPKRKNM7aH7Fm9NuyB-9xcPCGMe2cFsGlKfj0Q</msg>
<arg>${CONFIRM_TOKEN}</arg>
<arg>${resp.json()["confirmToken"]}</arg>
<doc>Makes a variable available everywhere within the scope of the current suite.</doc>
<status status="PASS" start="2025-08-18T16:35:55.011150" elapsed="0.001303"/>
</kw>
<status status="PASS" start="2025-08-18T16:35:54.477988" elapsed="0.534604"/>
</kw>
<kw name="Confirmar Email" owner="keywords">
<kw name="GET On Session" owner="RequestsLibrary">
<msg time="2025-08-18T16:35:55.328509" level="INFO">GET Request : url=https://points-app-backend.vercel.app/confirm-email?token=eyJhbGciOiJIUzI1NiIsInR5cCI6IkpXVCJ9.eyJ1c2VySWQiOiJkYmUxNGMxYi05N2FjLTRmMzUtODNlMC0wYmIyMmVjM2NlODMiLCJpYXQiOjE3NTU1NDU3NTUsImV4cCI6MTc1NTYzMjE1NX0.isy51BPKRKNM7aH7Fm9NuyB-9xcPCGMe2cFsGlKfj0Q 
 path_url=/confirm-email?token=eyJhbGciOiJIUzI1NiIsInR5cCI6IkpXVCJ9.eyJ1c2VySWQiOiJkYmUxNGMxYi05N2FjLTRmMzUtODNlMC0wYmIyMmVjM2NlODMiLCJpYXQiOjE3NTU1NDU3NTUsImV4cCI6MTc1NTYzMjE1NX0.isy51BPKRKNM7aH7Fm9NuyB-9xcPCGMe2cFsGlKfj0Q 
 headers={'User-Agent': 'python-requests/2.32.3', 'Accept-Encoding': 'gzip, deflate', 'Accept': '*/*', 'Connection': 'keep-alive'} 
 body=None 
 </msg>
<msg time="2025-08-18T16:35:55.328691" level="INFO">GET Response : url=https://points-app-backend.vercel.app/confirm-email?token=eyJhbGciOiJIUzI1NiIsInR5cCI6IkpXVCJ9.eyJ1c2VySWQiOiJkYmUxNGMxYi05N2FjLTRmMzUtODNlMC0wYmIyMmVjM2NlODMiLCJpYXQiOjE3NTU1NDU3NTUsImV4cCI6MTc1NTYzMjE1NX0.isy51BPKRKNM7aH7Fm9NuyB-9xcPCGMe2cFsGlKfj0Q 
 status=200, reason=OK 
 headers={'Age': '0', 'Cache-Control': 'public, max-age=0, must-revalidate', 'Content-Length': '30', 'Content-Type': 'text/html; charset=utf-8', 'Date': 'Mon, 18 Aug 2025 19:35:55 GMT', 'Etag': 'W/"1e-VXpZ5LXFd1natMb1Df/BOMt6AcA"', 'Server': 'Vercel', 'Strict-Transport-Security': 'max-age=63072000; includeSubDomains; preload', 'X-Powered-By': 'Express', 'X-Vercel-Cache': 'MISS', 'X-Vercel-Id': 'gru1::iad1::zh5pm-1755545755264-399a0804bb4e'} 
 body=E-mail confirmado com sucesso. 
 </msg>
<msg time="2025-08-18T16:35:55.328933" level="INFO">C:\Users\mathe\AppData\Local\Programs\Python\Python313\Lib\site-packages\urllib3\connectionpool.py:1097: InsecureRequestWarning: Unverified HTTPS request is being made to host 'points-app-backend.vercel.app'. Adding certificate verification is strongly advised. See: https://urllib3.readthedocs.io/en/latest/advanced-usage.html#tls-warnings
  warnings.warn(</msg>
<msg time="2025-08-18T16:35:55.329717" level="INFO">${resp} = &lt;Response [200]&gt;</msg>
<var>${resp}</var>
<arg>banking</arg>
<arg>url=/confirm-email?token=${CONFIRM_TOKEN}</arg>
<doc>Sends a GET request on a previously created HTTP Session.</doc>
<status status="PASS" start="2025-08-18T16:35:55.014041" elapsed="0.315760"/>
</kw>
<kw name="Should Be Equal As Integers" owner="BuiltIn">
<msg time="2025-08-18T16:35:55.331487" level="INFO">Argument types are:
&lt;class 'int'&gt;
&lt;class 'str'&gt;</msg>
<arg>${resp.status_code}</arg>
<arg>200</arg>
<doc>Fails if objects are unequal after converting them to integers.</doc>
<status status="PASS" start="2025-08-18T16:35:55.330301" elapsed="0.001370"/>
</kw>
<status status="PASS" start="2025-08-18T16:35:55.013351" elapsed="0.318492"/>
</kw>
<kw name="Create Dictionary" owner="BuiltIn">
<msg time="2025-08-18T16:35:55.333201" level="INFO">${payload} = {'email': 'teste_2765@example.com', 'password': 'Senha@123'}</msg>
<var>${payload}</var>
<arg>email=${EMAIL}</arg>
<arg>password=${PASSWORD}</arg>
<doc>Creates and returns a dictionary based on the given ``items``.</doc>
<status status="PASS" start="2025-08-18T16:35:55.332608" elapsed="0.000658"/>
</kw>
<kw name="POST On Session" owner="RequestsLibrary">
<msg time="2025-08-18T16:35:55.758961" level="INFO">POST Request : url=https://points-app-backend.vercel.app/login 
 path_url=/login 
 headers={'User-Agent': 'python-requests/2.32.3', 'Accept-Encoding': 'gzip, deflate', 'Accept': '*/*', 'Connection': 'keep-alive', 'Content-Length': '60', 'Content-Type': 'application/json'} 
 body=b'{"email": "teste_2765@example.com", "password": "Senha@123"}' 
 </msg>
<msg time="2025-08-18T16:35:55.759145" level="INFO">POST Response : url=https://points-app-backend.vercel.app/login 
 status=200, reason=OK 
 headers={'Cache-Control': 'public, max-age=0, must-revalidate', 'Content-Length': '204', 'Content-Type': 'application/json; charset=utf-8', 'Date': 'Mon, 18 Aug 2025 19:35:55 GMT', 'Etag': 'W/"cc-iKi3t+w+2hsYq0cMiJVdgE8NIBY"', 'Server': 'Vercel', 'Strict-Transport-Security': 'max-age=63072000; includeSubDomains; preload', 'X-Powered-By': 'Express', 'X-Vercel-Cache': 'MISS', 'X-Vercel-Id': 'gru1::iad1::brpx9-1755545755584-a8b9ab0b5bc5'} 
 body={"token":"eyJhbGciOiJIUzI1NiIsInR5cCI6IkpXVCJ9.eyJ1c2VySWQiOiJkYmUxNGMxYi05N2FjLTRmMzUtODNlMC0wYmIyMmVjM2NlODMiLCJpYXQiOjE3NTU1NDU3NTUsImV4cCI6MTc1NTU0NjM1NX0.0h9dPqZBfgvoPHuRWNr5TBkMfZKp1FZpZq3jAAuIcrI"} 
 </msg>
<msg time="2025-08-18T16:35:55.759279" level="INFO">C:\Users\mathe\AppData\Local\Programs\Python\Python313\Lib\site-packages\urllib3\connectionpool.py:1097: InsecureRequestWarning: Unverified HTTPS request is being made to host 'points-app-backend.vercel.app'. Adding certificate verification is strongly advised. See: https://urllib3.readthedocs.io/en/latest/advanced-usage.html#tls-warnings
  warnings.warn(</msg>
<msg time="2025-08-18T16:35:55.760125" level="INFO">${response} = &lt;Response [200]&gt;</msg>
<var>${response}</var>
<arg>banking</arg>
<arg>/login</arg>
<arg>json=${payload}</arg>
<doc>Sends a POST request on a previously created HTTP Session.</doc>
<status status="PASS" start="2025-08-18T16:35:55.333895" elapsed="0.426317"/>
</kw>
<kw name="Should Be Equal As Integers" owner="BuiltIn">
<msg time="2025-08-18T16:35:55.762015" level="INFO">Argument types are:
&lt;class 'int'&gt;
&lt;class 'str'&gt;</msg>
<arg>${response.status_code}</arg>
<arg>200</arg>
<doc>Fails if objects are unequal after converting them to integers.</doc>
<status status="PASS" start="2025-08-18T16:35:55.760953" elapsed="0.001194"/>
</kw>
<kw name="Log" owner="BuiltIn">
<msg time="2025-08-18T16:35:55.763998" level="INFO">{'token': 'eyJhbGciOiJIUzI1NiIsInR5cCI6IkpXVCJ9.eyJ1c2VySWQiOiJkYmUxNGMxYi05N2FjLTRmMzUtODNlMC0wYmIyMmVjM2NlODMiLCJpYXQiOjE3NTU1NDU3NTUsImV4cCI6MTc1NTU0NjM1NX0.0h9dPqZBfgvoPHuRWNr5TBkMfZKp1FZpZq3jAAuIcrI'}</msg>
<arg>${response.json()}</arg>
<doc>Logs the given message with the given level.</doc>
<status status="PASS" start="2025-08-18T16:35:55.762843" elapsed="0.001282"/>
</kw>
<doc>Deve permitir login com e-mail e senha válidos</doc>
<status status="PASS" start="2025-08-18T16:35:54.467308" elapsed="1.297382"/>
</test>
<test id="s1-s2-s1-t2" name="Login Com Senha Incorreta" line="19">
<kw name="Criar Sessao API">
<kw name="Create Session" owner="RequestsLibrary">
<msg time="2025-08-18T16:35:55.767961" level="INFO">Creating Session using : alias=banking, url=https://points-app-backend.vercel.app, headers={},                     cookies={}, auth=None, timeout=None, proxies=None, verify=False,                     debug=0 </msg>
<arg>banking</arg>
<arg>${BASE_URL}</arg>
<arg>verify=${False}</arg>
<doc>Create Session: create a HTTP session to a server</doc>
<status status="PASS" start="2025-08-18T16:35:55.767538" elapsed="0.000730"/>
</kw>
<doc>Cria a sessão para acessar a API</doc>
<status status="PASS" start="2025-08-18T16:35:55.767016" elapsed="0.001434"/>
</kw>
<kw name="Create Dictionary" owner="BuiltIn">
<msg time="2025-08-18T16:35:55.769753" level="INFO">${payload} = {'email': 'teste_2765@example.com', 'password': 'SenhaErrada'}</msg>
<var>${payload}</var>
<arg>email=${EMAIL}</arg>
<arg>password=SenhaErrada</arg>
<doc>Creates and returns a dictionary based on the given ``items``.</doc>
<status status="PASS" start="2025-08-18T16:35:55.769210" elapsed="0.000637"/>
</kw>
<kw name="POST On Session" owner="RequestsLibrary">
<msg time="2025-08-18T16:35:56.297862" level="INFO">POST Request : url=https://points-app-backend.vercel.app/login 
 path_url=/login 
 headers={'User-Agent': 'python-requests/2.32.3', 'Accept-Encoding': 'gzip, deflate', 'Accept': '*/*', 'Connection': 'keep-alive', 'Content-Length': '62', 'Content-Type': 'application/json'} 
 body=b'{"email": "teste_2765@example.com", "password": "SenhaErrada"}' 
 </msg>
<msg time="2025-08-18T16:35:56.298041" level="INFO">POST Response : url=https://points-app-backend.vercel.app/login 
 status=400, reason=Bad Request 
 headers={'Cache-Control': 'public, max-age=0, must-revalidate', 'Content-Length': '34', 'Content-Type': 'application/json; charset=utf-8', 'Date': 'Mon, 18 Aug 2025 19:35:56 GMT', 'Etag': 'W/"22-c0QTOW+vjz2d6jO4oAxhNUOUz18"', 'Server': 'Vercel', 'Strict-Transport-Security': 'max-age=63072000; includeSubDomains; preload', 'X-Powered-By': 'Express', 'X-Vercel-Cache': 'MISS', 'X-Vercel-Id': 'gru1::iad1::2gvqt-1755545756119-5a29ddf9e686'} 
 body={"error":"Credenciais inválidas"} 
 </msg>
<msg time="2025-08-18T16:35:56.298179" level="INFO">C:\Users\mathe\AppData\Local\Programs\Python\Python313\Lib\site-packages\urllib3\connectionpool.py:1097: InsecureRequestWarning: Unverified HTTPS request is being made to host 'points-app-backend.vercel.app'. Adding certificate verification is strongly advised. See: https://urllib3.readthedocs.io/en/latest/advanced-usage.html#tls-warnings
  warnings.warn(</msg>
<msg time="2025-08-18T16:35:56.298999" level="INFO">${response} = &lt;Response [400]&gt;</msg>
<var>${response}</var>
<arg>banking</arg>
<arg>/login</arg>
<arg>json=${payload}</arg>
<arg>expected_status=any</arg>
<doc>Sends a POST request on a previously created HTTP Session.</doc>
<status status="PASS" start="2025-08-18T16:35:55.770485" elapsed="0.528599"/>
</kw>
<kw name="Should Be Equal As Integers" owner="BuiltIn">
<msg time="2025-08-18T16:35:56.300785" level="INFO">Argument types are:
&lt;class 'int'&gt;
&lt;class 'str'&gt;</msg>
<arg>${response.status_code}</arg>
<arg>400</arg>
<doc>Fails if objects are unequal after converting them to integers.</doc>
<status status="PASS" start="2025-08-18T16:35:56.299724" elapsed="0.001192"/>
</kw>
<kw name="Log" owner="BuiltIn">
<msg time="2025-08-18T16:35:56.302750" level="INFO">{'error': 'Credenciais inválidas'}</msg>
<arg>${response.json()}</arg>
<doc>Logs the given message with the given level.</doc>
<status status="PASS" start="2025-08-18T16:35:56.301731" elapsed="0.001125"/>
</kw>
<doc>Deve falhar ao tentar login com senha incorreta</doc>
<status status="PASS" start="2025-08-18T16:35:55.765878" elapsed="0.537616"/>
</test>
<test id="s1-s2-s1-t3" name="Login Com Email Inexistente" line="27">
<kw name="Criar Sessao API">
<kw name="Create Session" owner="RequestsLibrary">
<msg time="2025-08-18T16:35:56.307528" level="INFO">Creating Session using : alias=banking, url=https://points-app-backend.vercel.app, headers={},                     cookies={}, auth=None, timeout=None, proxies=None, verify=False,                     debug=0 </msg>
<arg>banking</arg>
<arg>${BASE_URL}</arg>
<arg>verify=${False}</arg>
<doc>Create Session: create a HTTP session to a server</doc>
<status status="PASS" start="2025-08-18T16:35:56.306951" elapsed="0.000988"/>
</kw>
<doc>Cria a sessão para acessar a API</doc>
<status status="PASS" start="2025-08-18T16:35:56.306428" elapsed="0.001689"/>
</kw>
<kw name="Create Dictionary" owner="BuiltIn">
<msg time="2025-08-18T16:35:56.309240" level="INFO">${payload} = {'email': 'emailnaoexiste@teste.com', 'password': 'Senha123!'}</msg>
<var>${payload}</var>
<arg>email=emailnaoexiste@teste.com</arg>
<arg>password=Senha123!</arg>
<doc>Creates and returns a dictionary based on the given ``items``.</doc>
<status status="PASS" start="2025-08-18T16:35:56.308780" elapsed="0.000524"/>
</kw>
<kw name="POST On Session" owner="RequestsLibrary">
<msg time="2025-08-18T16:35:56.739643" level="INFO">POST Request : url=https://points-app-backend.vercel.app/login 
 path_url=/login 
 headers={'User-Agent': 'python-requests/2.32.3', 'Accept-Encoding': 'gzip, deflate', 'Accept': '*/*', 'Connection': 'keep-alive', 'Content-Length': '62', 'Content-Type': 'application/json'} 
 body=b'{"email": "emailnaoexiste@teste.com", "password": "Senha123!"}' 
 </msg>
<msg time="2025-08-18T16:35:56.739821" level="INFO">POST Response : url=https://points-app-backend.vercel.app/login 
 status=400, reason=Bad Request 
 headers={'Cache-Control': 'public, max-age=0, must-revalidate', 'Content-Length': '34', 'Content-Type': 'application/json; charset=utf-8', 'Date': 'Mon, 18 Aug 2025 19:35:56 GMT', 'Etag': 'W/"22-c0QTOW+vjz2d6jO4oAxhNUOUz18"', 'Server': 'Vercel', 'Strict-Transport-Security': 'max-age=63072000; includeSubDomains; preload', 'X-Powered-By': 'Express', 'X-Vercel-Cache': 'MISS', 'X-Vercel-Id': 'gru1::iad1::dtl7h-1755545756657-6ca6d6172e7c'} 
 body={"error":"Credenciais inválidas"} 
 </msg>
<msg time="2025-08-18T16:35:56.739972" level="INFO">C:\Users\mathe\AppData\Local\Programs\Python\Python313\Lib\site-packages\urllib3\connectionpool.py:1097: InsecureRequestWarning: Unverified HTTPS request is being made to host 'points-app-backend.vercel.app'. Adding certificate verification is strongly advised. See: https://urllib3.readthedocs.io/en/latest/advanced-usage.html#tls-warnings
  warnings.warn(</msg>
<msg time="2025-08-18T16:35:56.740751" level="INFO">${response} = &lt;Response [400]&gt;</msg>
<var>${response}</var>
<arg>banking</arg>
<arg>/login</arg>
<arg>json=${payload}</arg>
<arg>expected_status=any</arg>
<doc>Sends a POST request on a previously created HTTP Session.</doc>
<status status="PASS" start="2025-08-18T16:35:56.309913" elapsed="0.430926"/>
</kw>
<kw name="Should Be Equal As Integers" owner="BuiltIn">
<msg time="2025-08-18T16:35:56.742559" level="INFO">Argument types are:
&lt;class 'int'&gt;
&lt;class 'str'&gt;</msg>
<arg>${response.status_code}</arg>
<arg>400</arg>
<doc>Fails if objects are unequal after converting them to integers.</doc>
<status status="PASS" start="2025-08-18T16:35:56.741555" elapsed="0.001131"/>
</kw>
<kw name="Log" owner="BuiltIn">
<msg time="2025-08-18T16:35:56.744426" level="INFO">{'error': 'Credenciais inválidas'}</msg>
<arg>${response.json()}</arg>
<doc>Logs the given message with the given level.</doc>
<status status="PASS" start="2025-08-18T16:35:56.743414" elapsed="0.001121"/>
</kw>
<doc>Deve falhar ao tentar login com e-mail não cadastrado</doc>
<status status="PASS" start="2025-08-18T16:35:56.305247" elapsed="0.439938"/>
</test>
<doc>Testes de login da API Points</doc>
<status status="PASS" start="2025-08-18T16:35:54.456427" elapsed="2.290928"/>
</suite>
<status status="PASS" start="2025-08-18T16:35:54.452686" elapsed="2.297419"/>
</suite>
<suite id="s1-s3" name="Balance" source="C:\Teste_API_Rethink\Tests\balance">
<suite id="s1-s3-s1" name="Test Balance" source="C:\Teste_API_Rethink\Tests\balance\test_balance.robot">
<test id="s1-s3-s1-t1" name="Consultar Saldo Geral" line="6">
<kw name="Criar Sessao API" owner="keywords">
<kw name="Create Session" owner="RequestsLibrary">
<msg time="2025-08-18T16:35:56.764798" level="INFO">Creating Session using : alias=banking, url=https://points-app-backend.vercel.app, headers={},                     cookies={}, auth=None, timeout=None, proxies=None, verify=False,                     debug=0 </msg>
<arg>banking</arg>
<arg>${BASE_URL}</arg>
<doc>Create Session: create a HTTP session to a server</doc>
<status status="PASS" start="2025-08-18T16:35:56.764480" elapsed="0.000643"/>
</kw>
<status status="PASS" start="2025-08-18T16:35:56.763815" elapsed="0.001456"/>
</kw>
<kw name="Gerar Massa Usuario" owner="keywords">
<kw name="Evaluate" owner="BuiltIn">
<msg time="2025-08-18T16:35:56.767691" level="INFO">${cpf} = 09712560014</msg>
<var>${cpf}</var>
<arg>''.join([str(__import__('random').randint(0,9)) for _ in range(11)])</arg>
<arg>modules=random</arg>
<doc>Evaluates the given expression in Python and returns the result.</doc>
<status status="PASS" start="2025-08-18T16:35:56.766681" elapsed="0.001111"/>
</kw>
<kw name="Evaluate" owner="BuiltIn">
<msg time="2025-08-18T16:35:56.768699" level="INFO">${email} = teste_6274@example.com</msg>
<var>${email}</var>
<arg>f'teste_{__import__("random").randint(1000,9999)}@example.com'</arg>
<doc>Evaluates the given expression in Python and returns the result.</doc>
<status status="PASS" start="2025-08-18T16:35:56.768177" elapsed="0.000584"/>
</kw>
<kw name="Set Variable" owner="BuiltIn">
<msg time="2025-08-18T16:35:56.769225" level="INFO">${full_name} = João da Silva</msg>
<var>${full_name}</var>
<arg>João da Silva</arg>
<doc>Returns the given values which can then be assigned to a variables.</doc>
<status status="PASS" start="2025-08-18T16:35:56.768989" elapsed="0.000287"/>
</kw>
<kw name="Set Suite Variable" owner="BuiltIn">
<msg time="2025-08-18T16:35:56.769871" level="INFO">${CPF} = 09712560014</msg>
<arg>${CPF}</arg>
<arg>${cpf}</arg>
<doc>Makes a variable available everywhere within the scope of the current suite.</doc>
<status status="PASS" start="2025-08-18T16:35:56.769537" elapsed="0.000438"/>
</kw>
<kw name="Set Suite Variable" owner="BuiltIn">
<msg time="2025-08-18T16:35:56.770561" level="INFO">${EMAIL} = teste_6274@example.com</msg>
<arg>${EMAIL}</arg>
<arg>${email}</arg>
<doc>Makes a variable available everywhere within the scope of the current suite.</doc>
<status status="PASS" start="2025-08-18T16:35:56.770213" elapsed="0.000428"/>
</kw>
<kw name="Set Suite Variable" owner="BuiltIn">
<msg time="2025-08-18T16:35:56.771162" level="INFO">${FULL_NAME} = João da Silva</msg>
<arg>${FULL_NAME}</arg>
<arg>${full_name}</arg>
<doc>Makes a variable available everywhere within the scope of the current suite.</doc>
<status status="PASS" start="2025-08-18T16:35:56.770850" elapsed="0.000389"/>
</kw>
<kw name="Set Suite Variable" owner="BuiltIn">
<msg time="2025-08-18T16:35:56.771724" level="INFO">${PASSWORD} = Senha@123</msg>
<arg>${PASSWORD}</arg>
<arg>Senha@123</arg>
<doc>Makes a variable available everywhere within the scope of the current suite.</doc>
<status status="PASS" start="2025-08-18T16:35:56.771459" elapsed="0.000334"/>
</kw>
<status status="PASS" start="2025-08-18T16:35:56.766029" elapsed="0.005876"/>
</kw>
<kw name="Cadastrar Usuario" owner="keywords">
<kw name="Create Dictionary" owner="BuiltIn">
<msg time="2025-08-18T16:35:56.773845" level="INFO">${payload} = {'cpf': '09712560014', 'full_name': 'João da Silva', 'email': 'teste_6274@example.com', 'password': 'Senha@123', 'confirmPassword': 'Senha@123'}</msg>
<var>${payload}</var>
<arg>cpf=${CPF}</arg>
<arg>full_name=${FULL_NAME}</arg>
<arg>email=${EMAIL}</arg>
<arg>password=${PASSWORD}</arg>
<arg>confirmPassword=${PASSWORD}</arg>
<doc>Creates and returns a dictionary based on the given ``items``.</doc>
<status status="PASS" start="2025-08-18T16:35:56.773290" elapsed="0.000617"/>
</kw>
<kw name="POST On Session" owner="RequestsLibrary">
<msg time="2025-08-18T16:35:57.594832" level="INFO">POST Request : url=https://points-app-backend.vercel.app/cadastro 
 path_url=/cadastro 
 headers={'User-Agent': 'python-requests/2.32.3', 'Accept-Encoding': 'gzip, deflate', 'Accept': '*/*', 'Connection': 'keep-alive', 'Content-Length': '149', 'Content-Type': 'application/json'} 
 body=b'{"cpf": "09712560014", "full_name": "Jo\\u00e3o da Silva", "email": "teste_6274@example.com", "password": "Senha@123", "confirmPassword": "Senha@123"}' 
 </msg>
<msg time="2025-08-18T16:35:57.595012" level="INFO">POST Response : url=https://points-app-backend.vercel.app/cadastro 
 status=201, reason=Created 
 headers={'Cache-Control': 'public, max-age=0, must-revalidate', 'Content-Length': '255', 'Content-Type': 'application/json; charset=utf-8', 'Date': 'Mon, 18 Aug 2025 19:35:57 GMT', 'Etag': 'W/"ff-xRohfcY64w1Z2jFA/f9jRQ0cH6s"', 'Server': 'Vercel', 'Strict-Transport-Security': 'max-age=63072000; includeSubDomains; preload', 'X-Powered-By': 'Express', 'X-Vercel-Cache': 'MISS', 'X-Vercel-Id': 'gru1::iad1::xnf8j-1755545757164-9631794a4ee9'} 
 body={"message":"Cadastro realizado com sucesso.","confirmToken":"eyJhbGciOiJIUzI1NiIsInR5cCI6IkpXVCJ9.eyJ1c2VySWQiOiIzM2ViMjhhOS1kMmEwLTQyNzUtODBlYi04ZjkxYjc2ODdmYTkiLCJpYXQiOjE3NTU1NDU3NTcsImV4cCI6MTc1NTYzMjE1N30.Sb0SsX55moAKun8G36Hogd1N6pyNZeWjf9gzqo5Bq8w"} 
 </msg>
<msg time="2025-08-18T16:35:57.595141" level="INFO">C:\Users\mathe\AppData\Local\Programs\Python\Python313\Lib\site-packages\urllib3\connectionpool.py:1097: InsecureRequestWarning: Unverified HTTPS request is being made to host 'points-app-backend.vercel.app'. Adding certificate verification is strongly advised. See: https://urllib3.readthedocs.io/en/latest/advanced-usage.html#tls-warnings
  warnings.warn(</msg>
<msg time="2025-08-18T16:35:57.595919" level="INFO">${resp} = &lt;Response [201]&gt;</msg>
<var>${resp}</var>
<arg>banking</arg>
<arg>url=/cadastro</arg>
<arg>json=${payload}</arg>
<doc>Sends a POST request on a previously created HTTP Session.</doc>
<status status="PASS" start="2025-08-18T16:35:56.774185" elapsed="0.821840"/>
</kw>
<kw name="Set Suite Variable" owner="BuiltIn">
<msg time="2025-08-18T16:35:57.597932" level="INFO">${CONFIRM_TOKEN} = eyJhbGciOiJIUzI1NiIsInR5cCI6IkpXVCJ9.eyJ1c2VySWQiOiIzM2ViMjhhOS1kMmEwLTQyNzUtODBlYi04ZjkxYjc2ODdmYTkiLCJpYXQiOjE3NTU1NDU3NTcsImV4cCI6MTc1NTYzMjE1N30.Sb0SsX55moAKun8G36Hogd1N6pyNZeWjf9gzqo5Bq8w</msg>
<arg>${CONFIRM_TOKEN}</arg>
<arg>${resp.json()["confirmToken"]}</arg>
<doc>Makes a variable available everywhere within the scope of the current suite.</doc>
<status status="PASS" start="2025-08-18T16:35:57.596421" elapsed="0.001660"/>
</kw>
<status status="PASS" start="2025-08-18T16:35:56.772814" elapsed="0.825456"/>
</kw>
<kw name="Confirmar Email" owner="keywords">
<kw name="GET On Session" owner="RequestsLibrary">
<msg time="2025-08-18T16:35:57.912661" level="INFO">GET Request : url=https://points-app-backend.vercel.app/confirm-email?token=eyJhbGciOiJIUzI1NiIsInR5cCI6IkpXVCJ9.eyJ1c2VySWQiOiIzM2ViMjhhOS1kMmEwLTQyNzUtODBlYi04ZjkxYjc2ODdmYTkiLCJpYXQiOjE3NTU1NDU3NTcsImV4cCI6MTc1NTYzMjE1N30.Sb0SsX55moAKun8G36Hogd1N6pyNZeWjf9gzqo5Bq8w 
 path_url=/confirm-email?token=eyJhbGciOiJIUzI1NiIsInR5cCI6IkpXVCJ9.eyJ1c2VySWQiOiIzM2ViMjhhOS1kMmEwLTQyNzUtODBlYi04ZjkxYjc2ODdmYTkiLCJpYXQiOjE3NTU1NDU3NTcsImV4cCI6MTc1NTYzMjE1N30.Sb0SsX55moAKun8G36Hogd1N6pyNZeWjf9gzqo5Bq8w 
 headers={'User-Agent': 'python-requests/2.32.3', 'Accept-Encoding': 'gzip, deflate', 'Accept': '*/*', 'Connection': 'keep-alive'} 
 body=None 
 </msg>
<msg time="2025-08-18T16:35:57.912825" level="INFO">GET Response : url=https://points-app-backend.vercel.app/confirm-email?token=eyJhbGciOiJIUzI1NiIsInR5cCI6IkpXVCJ9.eyJ1c2VySWQiOiIzM2ViMjhhOS1kMmEwLTQyNzUtODBlYi04ZjkxYjc2ODdmYTkiLCJpYXQiOjE3NTU1NDU3NTcsImV4cCI6MTc1NTYzMjE1N30.Sb0SsX55moAKun8G36Hogd1N6pyNZeWjf9gzqo5Bq8w 
 status=200, reason=OK 
 headers={'Age': '0', 'Cache-Control': 'public, max-age=0, must-revalidate', 'Content-Length': '30', 'Content-Type': 'text/html; charset=utf-8', 'Date': 'Mon, 18 Aug 2025 19:35:58 GMT', 'Etag': 'W/"1e-VXpZ5LXFd1natMb1Df/BOMt6AcA"', 'Server': 'Vercel', 'Strict-Transport-Security': 'max-age=63072000; includeSubDomains; preload', 'X-Powered-By': 'Express', 'X-Vercel-Cache': 'MISS', 'X-Vercel-Id': 'gru1::iad1::xnf8j-1755545757850-8267151a9954'} 
 body=E-mail confirmado com sucesso. 
 </msg>
<msg time="2025-08-18T16:35:57.912948" level="INFO">C:\Users\mathe\AppData\Local\Programs\Python\Python313\Lib\site-packages\urllib3\connectionpool.py:1097: InsecureRequestWarning: Unverified HTTPS request is being made to host 'points-app-backend.vercel.app'. Adding certificate verification is strongly advised. See: https://urllib3.readthedocs.io/en/latest/advanced-usage.html#tls-warnings
  warnings.warn(</msg>
<msg time="2025-08-18T16:35:57.913758" level="INFO">${resp} = &lt;Response [200]&gt;</msg>
<var>${resp}</var>
<arg>banking</arg>
<arg>url=/confirm-email?token=${CONFIRM_TOKEN}</arg>
<doc>Sends a GET request on a previously created HTTP Session.</doc>
<status status="PASS" start="2025-08-18T16:35:57.599584" elapsed="0.314292"/>
</kw>
<kw name="Should Be Equal As Integers" owner="BuiltIn">
<msg time="2025-08-18T16:35:57.915419" level="INFO">Argument types are:
&lt;class 'int'&gt;
&lt;class 'str'&gt;</msg>
<arg>${resp.status_code}</arg>
<arg>200</arg>
<doc>Fails if objects are unequal after converting them to integers.</doc>
<status status="PASS" start="2025-08-18T16:35:57.914320" elapsed="0.001232"/>
</kw>
<status status="PASS" start="2025-08-18T16:35:57.599059" elapsed="0.316719"/>
</kw>
<kw name="Fazer Login E Obter Token" owner="keywords">
<kw name="Create Dictionary" owner="BuiltIn">
<msg time="2025-08-18T16:35:57.917665" level="INFO">${payload} = {'email': 'teste_6274@example.com', 'password': 'Senha@123'}</msg>
<var>${payload}</var>
<arg>email=${EMAIL}</arg>
<arg>password=${PASSWORD}</arg>
<doc>Creates and returns a dictionary based on the given ``items``.</doc>
<status status="PASS" start="2025-08-18T16:35:57.917109" elapsed="0.000619"/>
</kw>
<kw name="POST On Session" owner="RequestsLibrary">
<msg time="2025-08-18T16:35:58.335442" level="INFO">POST Request : url=https://points-app-backend.vercel.app/login 
 path_url=/login 
 headers={'User-Agent': 'python-requests/2.32.3', 'Accept-Encoding': 'gzip, deflate', 'Accept': '*/*', 'Connection': 'keep-alive', 'Content-Length': '60', 'Content-Type': 'application/json'} 
 body=b'{"email": "teste_6274@example.com", "password": "Senha@123"}' 
 </msg>
<msg time="2025-08-18T16:35:58.335611" level="INFO">POST Response : url=https://points-app-backend.vercel.app/login 
 status=200, reason=OK 
 headers={'Cache-Control': 'public, max-age=0, must-revalidate', 'Content-Length': '204', 'Content-Type': 'application/json; charset=utf-8', 'Date': 'Mon, 18 Aug 2025 19:35:58 GMT', 'Etag': 'W/"cc-hFA5n14JNO1hetRnibG6uQiHOTk"', 'Server': 'Vercel', 'Strict-Transport-Security': 'max-age=63072000; includeSubDomains; preload', 'X-Powered-By': 'Express', 'X-Vercel-Cache': 'MISS', 'X-Vercel-Id': 'gru1::iad1::2xdjp-1755545758168-f27162aea478'} 
 body={"token":"eyJhbGciOiJIUzI1NiIsInR5cCI6IkpXVCJ9.eyJ1c2VySWQiOiIzM2ViMjhhOS1kMmEwLTQyNzUtODBlYi04ZjkxYjc2ODdmYTkiLCJpYXQiOjE3NTU1NDU3NTgsImV4cCI6MTc1NTU0NjM1OH0.zLBxkgdEPq9rYeXv0VKdilRwYe_SxhoNuWXX_qCtu20"} 
 </msg>
<msg time="2025-08-18T16:35:58.335736" level="INFO">C:\Users\mathe\AppData\Local\Programs\Python\Python313\Lib\site-packages\urllib3\connectionpool.py:1097: InsecureRequestWarning: Unverified HTTPS request is being made to host 'points-app-backend.vercel.app'. Adding certificate verification is strongly advised. See: https://urllib3.readthedocs.io/en/latest/advanced-usage.html#tls-warnings
  warnings.warn(</msg>
<msg time="2025-08-18T16:35:58.336612" level="INFO">${resp} = &lt;Response [200]&gt;</msg>
<var>${resp}</var>
<arg>banking</arg>
<arg>url=/login</arg>
<arg>json=${payload}</arg>
<doc>Sends a POST request on a previously created HTTP Session.</doc>
<status status="PASS" start="2025-08-18T16:35:57.917959" elapsed="0.418736"/>
</kw>
<kw name="Set Suite Variable" owner="BuiltIn">
<msg time="2025-08-18T16:35:58.338193" level="INFO">${TOKEN} = eyJhbGciOiJIUzI1NiIsInR5cCI6IkpXVCJ9.eyJ1c2VySWQiOiIzM2ViMjhhOS1kMmEwLTQyNzUtODBlYi04ZjkxYjc2ODdmYTkiLCJpYXQiOjE3NTU1NDU3NTgsImV4cCI6MTc1NTU0NjM1OH0.zLBxkgdEPq9rYeXv0VKdilRwYe_SxhoNuWXX_qCtu20</msg>
<arg>${TOKEN}</arg>
<arg>${resp.json()["token"]}</arg>
<doc>Makes a variable available everywhere within the scope of the current suite.</doc>
<status status="PASS" start="2025-08-18T16:35:58.337027" elapsed="0.001272"/>
</kw>
<status status="PASS" start="2025-08-18T16:35:57.916578" elapsed="0.421865"/>
</kw>
<kw name="Create Dictionary" owner="BuiltIn">
<msg time="2025-08-18T16:35:58.339657" level="INFO">${headers} = {'Authorization': 'Bearer eyJhbGciOiJIUzI1NiIsInR5cCI6IkpXVCJ9.eyJ1c2VySWQiOiIzM2ViMjhhOS1kMmEwLTQyNzUtODBlYi04ZjkxYjc2ODdmYTkiLCJpYXQiOjE3NTU1NDU3NTgsImV4cCI6MTc1NTU0NjM1OH0.zLBxkgdEPq9rYeXv0VKdilRwY...</msg>
<var>${headers}</var>
<arg>Authorization=Bearer ${TOKEN}</arg>
<doc>Creates and returns a dictionary based on the given ``items``.</doc>
<status status="PASS" start="2025-08-18T16:35:58.339106" elapsed="0.000617"/>
</kw>
<kw name="GET On Session" owner="RequestsLibrary">
<msg time="2025-08-18T16:35:58.944080" level="INFO">GET Request : url=https://points-app-backend.vercel.app/points/saldo 
 path_url=/points/saldo 
 headers={'User-Agent': 'python-requests/2.32.3', 'Accept-Encoding': 'gzip, deflate', 'Accept': '*/*', 'Connection': 'keep-alive', 'Authorization': 'Bearer eyJhbGciOiJIUzI1NiIsInR5cCI6IkpXVCJ9.eyJ1c2VySWQiOiIzM2ViMjhhOS1kMmEwLTQyNzUtODBlYi04ZjkxYjc2ODdmYTkiLCJpYXQiOjE3NTU1NDU3NTgsImV4cCI6MTc1NTU0NjM1OH0.zLBxkgdEPq9rYeXv0VKdilRwYe_SxhoNuWXX_qCtu20'} 
 body=None 
 </msg>
<msg time="2025-08-18T16:35:58.944249" level="INFO">GET Response : url=https://points-app-backend.vercel.app/points/saldo 
 status=200, reason=OK 
 headers={'Cache-Control': 'public, max-age=0, must-revalidate', 'Content-Length': '45', 'Content-Type': 'application/json; charset=utf-8', 'Date': 'Mon, 18 Aug 2025 19:35:59 GMT', 'Etag': 'W/"2d-G1SikjbN96XNwCN2HxsDCfNyg54"', 'Server': 'Vercel', 'Strict-Transport-Security': 'max-age=63072000; includeSubDomains; preload', 'X-Powered-By': 'Express', 'X-Vercel-Cache': 'BYPASS', 'X-Vercel-Id': 'gru1::iad1::zdccf-1755545758591-8f5ca97fcbd4'} 
 body={"normal_balance":100,"piggy_bank_balance":0} 
 </msg>
<msg time="2025-08-18T16:35:58.944369" level="INFO">C:\Users\mathe\AppData\Local\Programs\Python\Python313\Lib\site-packages\urllib3\connectionpool.py:1097: InsecureRequestWarning: Unverified HTTPS request is being made to host 'points-app-backend.vercel.app'. Adding certificate verification is strongly advised. See: https://urllib3.readthedocs.io/en/latest/advanced-usage.html#tls-warnings
  warnings.warn(</msg>
<msg time="2025-08-18T16:35:58.945161" level="INFO">${resp} = &lt;Response [200]&gt;</msg>
<var>${resp}</var>
<arg>banking</arg>
<arg>/points/saldo</arg>
<arg>headers=${headers}</arg>
<arg>expected_status=any</arg>
<doc>Sends a GET request on a previously created HTTP Session.</doc>
<status status="PASS" start="2025-08-18T16:35:58.340385" elapsed="0.604869"/>
</kw>
<kw name="Should Be Equal As Integers" owner="BuiltIn">
<msg time="2025-08-18T16:35:58.947336" level="INFO">Argument types are:
&lt;class 'int'&gt;
&lt;class 'str'&gt;</msg>
<arg>${resp.status_code}</arg>
<arg>200</arg>
<doc>Fails if objects are unequal after converting them to integers.</doc>
<status status="PASS" start="2025-08-18T16:35:58.945996" elapsed="0.001491"/>
</kw>
<kw name="Set Variable" owner="BuiltIn">
<msg time="2025-08-18T16:35:58.949414" level="INFO">${json} = {'normal_balance': 100, 'piggy_bank_balance': 0}</msg>
<var>${json}</var>
<arg>${resp.json()}</arg>
<doc>Returns the given values which can then be assigned to a variables.</doc>
<status status="PASS" start="2025-08-18T16:35:58.948147" elapsed="0.001359"/>
</kw>
<kw name="Should Contain" owner="BuiltIn">
<arg>${json.keys()}</arg>
<arg>normal_balance</arg>
<doc>Fails if ``container`` does not contain ``item`` one or more times.</doc>
<status status="PASS" start="2025-08-18T16:35:58.950641" elapsed="0.001067"/>
</kw>
<kw name="Should Contain" owner="BuiltIn">
<arg>${json.keys()}</arg>
<arg>piggy_bank_balance</arg>
<doc>Fails if ``container`` does not contain ``item`` one or more times.</doc>
<status status="PASS" start="2025-08-18T16:35:58.952417" elapsed="0.001145"/>
</kw>
<doc>Deve permitir que um usuário autenticado consulte seu saldo</doc>
<status status="PASS" start="2025-08-18T16:35:56.762265" elapsed="2.191941"/>
</test>
<test id="s1-s3-s1-t2" name="Consultar Saldo Sem Autenticacao" line="22">
<kw name="Criar Sessao API" owner="keywords">
<kw name="Create Session" owner="RequestsLibrary">
<msg time="2025-08-18T16:35:58.957754" level="INFO">Creating Session using : alias=banking, url=https://points-app-backend.vercel.app, headers={},                     cookies={}, auth=None, timeout=None, proxies=None, verify=False,                     debug=0 </msg>
<arg>banking</arg>
<arg>${BASE_URL}</arg>
<doc>Create Session: create a HTTP session to a server</doc>
<status status="PASS" start="2025-08-18T16:35:58.957415" elapsed="0.000678"/>
</kw>
[...]
 body={"message":"Cadastro realizado com sucesso.","confirmToken":"eyJhbGciOiJIUzI1NiIsInR5cCI6IkpXVCJ9.eyJ1c2VySWQiOiIyZWZmZjkxNS1jNzU2LTQ5ZTYtYjNhYS1kMTUyNDhiNGFiY2QiLCJpYXQiOjE3NTU1NDU3ODIsImV4cCI6MTc1NTYzMjE4Mn0.wzZuG3xXX-WTSzRZzsWuQSdThyDwnF7Pvhpcr7sNi7E"} 
 </msg>
<msg time="2025-08-18T16:36:22.601707" level="INFO">C:\Users\mathe\AppData\Local\Programs\Python\Python313\Lib\site-packages\urllib3\connectionpool.py:1097: InsecureRequestWarning: Unverified HTTPS request is being made to host 'points-app-backend.vercel.app'. Adding certificate verification is strongly advised. See: https://urllib3.readthedocs.io/en/latest/advanced-usage.html#tls-warnings
  warnings.warn(</msg>
<msg time="2025-08-18T16:36:22.602482" level="INFO">${resp} = &lt;Response [201]&gt;</msg>
<var>${resp}</var>
<arg>banking</arg>
<arg>url=/cadastro</arg>
<arg>json=${payload}</arg>
<doc>Sends a POST request on a previously created HTTP Session.</doc>
<status status="PASS" start="2025-08-18T16:36:22.055814" elapsed="0.546753"/>
</kw>
<kw name="Set Suite Variable" owner="BuiltIn">
<msg time="2025-08-18T16:36:22.604086" level="INFO">${CONFIRM_TOKEN} = eyJhbGciOiJIUzI1NiIsInR5cCI6IkpXVCJ9.eyJ1c2VySWQiOiIyZWZmZjkxNS1jNzU2LTQ5ZTYtYjNhYS1kMTUyNDhiNGFiY2QiLCJpYXQiOjE3NTU1NDU3ODIsImV4cCI6MTc1NTYzMjE4Mn0.wzZuG3xXX-WTSzRZzsWuQSdThyDwnF7Pvhpcr7sNi7E</msg>
<arg>${CONFIRM_TOKEN}</arg>
<arg>${resp.json()["confirmToken"]}</arg>
<doc>Makes a variable available everywhere within the scope of the current suite.</doc>
<status status="PASS" start="2025-08-18T16:36:22.602903" elapsed="0.001288"/>
</kw>
<status status="PASS" start="2025-08-18T16:36:22.053776" elapsed="0.550558"/>
</kw>
<kw name="Confirmar Email" owner="keywords">
<kw name="GET On Session" owner="RequestsLibrary">
<msg time="2025-08-18T16:36:22.933412" level="INFO">GET Request : url=https://points-app-backend.vercel.app/confirm-email?token=eyJhbGciOiJIUzI1NiIsInR5cCI6IkpXVCJ9.eyJ1c2VySWQiOiIyZWZmZjkxNS1jNzU2LTQ5ZTYtYjNhYS1kMTUyNDhiNGFiY2QiLCJpYXQiOjE3NTU1NDU3ODIsImV4cCI6MTc1NTYzMjE4Mn0.wzZuG3xXX-WTSzRZzsWuQSdThyDwnF7Pvhpcr7sNi7E 
 path_url=/confirm-email?token=eyJhbGciOiJIUzI1NiIsInR5cCI6IkpXVCJ9.eyJ1c2VySWQiOiIyZWZmZjkxNS1jNzU2LTQ5ZTYtYjNhYS1kMTUyNDhiNGFiY2QiLCJpYXQiOjE3NTU1NDU3ODIsImV4cCI6MTc1NTYzMjE4Mn0.wzZuG3xXX-WTSzRZzsWuQSdThyDwnF7Pvhpcr7sNi7E 
 headers={'User-Agent': 'python-requests/2.32.3', 'Accept-Encoding': 'gzip, deflate', 'Accept': '*/*', 'Connection': 'keep-alive'} 
 body=None 
 </msg>
<msg time="2025-08-18T16:36:22.933597" level="INFO">GET Response : url=https://points-app-backend.vercel.app/confirm-email?token=eyJhbGciOiJIUzI1NiIsInR5cCI6IkpXVCJ9.eyJ1c2VySWQiOiIyZWZmZjkxNS1jNzU2LTQ5ZTYtYjNhYS1kMTUyNDhiNGFiY2QiLCJpYXQiOjE3NTU1NDU3ODIsImV4cCI6MTc1NTYzMjE4Mn0.wzZuG3xXX-WTSzRZzsWuQSdThyDwnF7Pvhpcr7sNi7E 
 status=200, reason=OK 
 headers={'Age': '0', 'Cache-Control': 'public, max-age=0, must-revalidate', 'Content-Length': '30', 'Content-Type': 'text/html; charset=utf-8', 'Date': 'Mon, 18 Aug 2025 19:36:23 GMT', 'Etag': 'W/"1e-VXpZ5LXFd1natMb1Df/BOMt6AcA"', 'Server': 'Vercel', 'Strict-Transport-Security': 'max-age=63072000; includeSubDomains; preload', 'X-Powered-By': 'Express', 'X-Vercel-Cache': 'MISS', 'X-Vercel-Id': 'gru1::iad1::27ngk-1755545782856-9a8bef437352'} 
 body=E-mail confirmado com sucesso. 
 </msg>
<msg time="2025-08-18T16:36:22.933723" level="INFO">C:\Users\mathe\AppData\Local\Programs\Python\Python313\Lib\site-packages\urllib3\connectionpool.py:1097: InsecureRequestWarning: Unverified HTTPS request is being made to host 'points-app-backend.vercel.app'. Adding certificate verification is strongly advised. See: https://urllib3.readthedocs.io/en/latest/advanced-usage.html#tls-warnings
  warnings.warn(</msg>
<msg time="2025-08-18T16:36:22.934361" level="INFO">${resp} = &lt;Response [200]&gt;</msg>
<var>${resp}</var>
<arg>banking</arg>
<arg>url=/confirm-email?token=${CONFIRM_TOKEN}</arg>
<doc>Sends a GET request on a previously created HTTP Session.</doc>
<status status="PASS" start="2025-08-18T16:36:22.605540" elapsed="0.328914"/>
</kw>
<kw name="Should Be Equal As Integers" owner="BuiltIn">
<msg time="2025-08-18T16:36:22.935927" level="INFO">Argument types are:
&lt;class 'int'&gt;
&lt;class 'str'&gt;</msg>
<arg>${resp.status_code}</arg>
<arg>200</arg>
<doc>Fails if objects are unequal after converting them to integers.</doc>
<status status="PASS" start="2025-08-18T16:36:22.934784" elapsed="0.001277"/>
</kw>
<status status="PASS" start="2025-08-18T16:36:22.605031" elapsed="0.331286"/>
</kw>
<kw name="Evaluate" owner="BuiltIn">
<msg time="2025-08-18T16:36:22.937773" level="INFO">${random_int} = 3401</msg>
<var>${random_int}</var>
<arg>random.randint(1000,9999)</arg>
<arg>modules=random</arg>
<doc>Evaluates the given expression in Python and returns the result.</doc>
<status status="PASS" start="2025-08-18T16:36:22.936987" elapsed="0.000877"/>
</kw>
<kw name="Set Variable" owner="BuiltIn">
<msg time="2025-08-18T16:36:22.939017" level="INFO">${novo_email} = outro_email_3401@example.com</msg>
<var>${novo_email}</var>
<arg>outro_email_${random_int}@example.com</arg>
<doc>Returns the given values which can then be assigned to a variables.</doc>
<status status="PASS" start="2025-08-18T16:36:22.938606" elapsed="0.000472"/>
</kw>
<kw name="Create Dictionary" owner="BuiltIn">
<msg time="2025-08-18T16:36:22.941650" level="INFO">${payload} = {'cpf': '88787943714', 'full_name': 'Outro Nome', 'email': 'outro_email_3401@example.com', 'password': 'Senha@123', 'confirmPassword': 'Senha@123'}</msg>
<var>${payload}</var>
<arg>cpf=${CPF}</arg>
<arg>full_name=Outro Nome</arg>
<arg>email=${novo_email}</arg>
<arg>password=${PASSWORD}</arg>
<arg>confirmPassword=${PASSWORD}</arg>
<doc>Creates and returns a dictionary based on the given ``items``.</doc>
<status status="PASS" start="2025-08-18T16:36:22.939748" elapsed="0.001964"/>
</kw>
<kw name="POST On Session" owner="RequestsLibrary">
<msg time="2025-08-18T16:36:23.361947" level="INFO">POST Request : url=https://points-app-backend.vercel.app/cadastro 
 path_url=/cadastro 
 headers={'User-Agent': 'python-requests/2.32.3', 'Accept-Encoding': 'gzip, deflate', 'Accept': '*/*', 'Connection': 'keep-alive', 'Content-Length': '147', 'Content-Type': 'application/json'} 
 body=b'{"cpf": "88787943714", "full_name": "Outro Nome", "email": "outro_email_3401@example.com", "password": "Senha@123", "confirmPassword": "Senha@123"}' 
 </msg>
<msg time="2025-08-18T16:36:23.362145" level="INFO">POST Response : url=https://points-app-backend.vercel.app/cadastro 
 status=400, reason=Bad Request 
 headers={'Cache-Control': 'public, max-age=0, must-revalidate', 'Content-Length': '76', 'Content-Type': 'application/json; charset=utf-8', 'Date': 'Mon, 18 Aug 2025 19:36:23 GMT', 'Etag': 'W/"4c-7Dh+raGM0byilwtOksdbjstt47s"', 'Server': 'Vercel', 'Strict-Transport-Security': 'max-age=63072000; includeSubDomains; preload', 'X-Powered-By': 'Express', 'X-Vercel-Cache': 'MISS', 'X-Vercel-Id': 'gru1::iad1::27ngk-1755545783195-f41e25ea2cb2'} 
 body={"error":"duplicate key value violates unique constraint \"users_cpf_key\""} 
 </msg>
<msg time="2025-08-18T16:36:23.362310" level="INFO">C:\Users\mathe\AppData\Local\Programs\Python\Python313\Lib\site-packages\urllib3\connectionpool.py:1097: InsecureRequestWarning: Unverified HTTPS request is being made to host 'points-app-backend.vercel.app'. Adding certificate verification is strongly advised. See: https://urllib3.readthedocs.io/en/latest/advanced-usage.html#tls-warnings
  warnings.warn(</msg>
<msg time="2025-08-18T16:36:23.362982" level="INFO">${resp} = &lt;Response [400]&gt;</msg>
<var>${resp}</var>
<arg>banking</arg>
<arg>/cadastro</arg>
<arg>json=${payload}</arg>
<arg>expected_status=400</arg>
<doc>Sends a POST request on a previously created HTTP Session.</doc>
<status status="PASS" start="2025-08-18T16:36:22.942391" elapsed="0.420677"/>
</kw>
<kw name="Salvar JSON Em Arquivo" owner="keywords">
<kw name="Create File" owner="OperatingSystem">
<msg time="2025-08-18T16:36:23.367261" level="INFO" html="true">Created file '&lt;a href="file://C:\Teste_API_Rethink\logs\cadastro_cpf_existente.json"&gt;C:\Teste_API_Rethink\logs\cadastro_cpf_existente.json&lt;/a&gt;'.</msg>
<arg>${filepath}</arg>
<arg>${json_content}</arg>
<doc>Creates a file with the given content and encoding.</doc>
<status status="PASS" start="2025-08-18T16:36:23.365689" elapsed="0.001733"/>
</kw>
<arg>logs/cadastro_cpf_existente.json</arg>
<arg>${resp.text}</arg>
<status status="PASS" start="2025-08-18T16:36:23.363989" elapsed="0.003593"/>
</kw>
<doc>Testa cadastro de usuário com CPF já existente, esperando erro 400</doc>
<status status="PASS" start="2025-08-18T16:36:22.041937" elapsed="1.326830"/>
</test>
<test id="s1-s7-s1-t4" name="Cadastro Com Senha Fraca" line="50">
<kw name="Criar Sessao API" owner="keywords">
<kw name="Create Session" owner="RequestsLibrary">
<msg time="2025-08-18T16:36:23.372561" level="INFO">Creating Session using : alias=banking, url=https://points-app-backend.vercel.app, headers={},                     cookies={}, auth=None, timeout=None, proxies=None, verify=False,                     debug=0 </msg>
<arg>banking</arg>
<arg>${BASE_URL}</arg>
<doc>Create Session: create a HTTP session to a server</doc>
<status status="PASS" start="2025-08-18T16:36:23.372244" elapsed="0.000632"/>
</kw>
<status status="PASS" start="2025-08-18T16:36:23.371655" elapsed="0.001399"/>
</kw>
<kw name="Gerar Massa Usuario" owner="keywords">
<kw name="Evaluate" owner="BuiltIn">
<msg time="2025-08-18T16:36:23.375092" level="INFO">${cpf} = 45401727252</msg>
<var>${cpf}</var>
<arg>''.join([str(__import__('random').randint(0,9)) for _ in range(11)])</arg>
<arg>modules=random</arg>
<doc>Evaluates the given expression in Python and returns the result.</doc>
<status status="PASS" start="2025-08-18T16:36:23.374367" elapsed="0.000850"/>
</kw>
<kw name="Evaluate" owner="BuiltIn">
<msg time="2025-08-18T16:36:23.375914" level="INFO">${email} = teste_8952@example.com</msg>
<var>${email}</var>
<arg>f'teste_{__import__("random").randint(1000,9999)}@example.com'</arg>
<doc>Evaluates the given expression in Python and returns the result.</doc>
<status status="PASS" start="2025-08-18T16:36:23.375478" elapsed="0.000494"/>
</kw>
<kw name="Set Variable" owner="BuiltIn">
<msg time="2025-08-18T16:36:23.376425" level="INFO">${full_name} = João da Silva</msg>
<var>${full_name}</var>
<arg>João da Silva</arg>
<doc>Returns the given values which can then be assigned to a variables.</doc>
<status status="PASS" start="2025-08-18T16:36:23.376190" elapsed="0.000291"/>
</kw>
<kw name="Set Suite Variable" owner="BuiltIn">
<msg time="2025-08-18T16:36:23.377063" level="INFO">${CPF} = 45401727252</msg>
<arg>${CPF}</arg>
<arg>${cpf}</arg>
<doc>Makes a variable available everywhere within the scope of the current suite.</doc>
<status status="PASS" start="2025-08-18T16:36:23.376701" elapsed="0.000469"/>
</kw>
<kw name="Set Suite Variable" owner="BuiltIn">
<msg time="2025-08-18T16:36:23.377701" level="INFO">${EMAIL} = teste_8952@example.com</msg>
<arg>${EMAIL}</arg>
<arg>${email}</arg>
<doc>Makes a variable available everywhere within the scope of the current suite.</doc>
<status status="PASS" start="2025-08-18T16:36:23.377380" elapsed="0.000398"/>
</kw>
<kw name="Set Suite Variable" owner="BuiltIn">
<msg time="2025-08-18T16:36:23.378280" level="INFO">${FULL_NAME} = João da Silva</msg>
<arg>${FULL_NAME}</arg>
<arg>${full_name}</arg>
<doc>Makes a variable available everywhere within the scope of the current suite.</doc>
<status status="PASS" start="2025-08-18T16:36:23.377974" elapsed="0.000375"/>
</kw>
<kw name="Set Suite Variable" owner="BuiltIn">
<msg time="2025-08-18T16:36:23.378791" level="INFO">${PASSWORD} = Senha@123</msg>
<arg>${PASSWORD}</arg>
<arg>Senha@123</arg>
<doc>Makes a variable available everywhere within the scope of the current suite.</doc>
<status status="PASS" start="2025-08-18T16:36:23.378525" elapsed="0.000338"/>
</kw>
<status status="PASS" start="2025-08-18T16:36:23.373833" elapsed="0.005142"/>
</kw>
<kw name="Evaluate" owner="BuiltIn">
<msg time="2025-08-18T16:36:23.381375" level="INFO">${random_int} = 4683</msg>
<var>${random_int}</var>
<arg>random.randint(1000,9999)</arg>
<arg>modules=random</arg>
<doc>Evaluates the given expression in Python and returns the result.</doc>
<status status="PASS" start="2025-08-18T16:36:23.379590" elapsed="0.001930"/>
</kw>
<kw name="Set Variable" owner="BuiltIn">
<msg time="2025-08-18T16:36:23.382610" level="INFO">${novo_email} = email_fraca_4683@example.com</msg>
<var>${novo_email}</var>
<arg>email_fraca_${random_int}@example.com</arg>
<doc>Returns the given values which can then be assigned to a variables.</doc>
<status status="PASS" start="2025-08-18T16:36:23.382182" elapsed="0.000615"/>
</kw>
<kw name="Create Dictionary" owner="BuiltIn">
<msg time="2025-08-18T16:36:23.384529" level="INFO">${payload} = {'cpf': '45401727252', 'full_name': 'João da Silva', 'email': 'email_fraca_4683@example.com', 'password': '12345678', 'confirmPassword': '12345678'}</msg>
<var>${payload}</var>
<arg>cpf=${CPF}</arg>
<arg>full_name=${FULL_NAME}</arg>
<arg>email=${novo_email}</arg>
<arg>password=12345678</arg>
<arg>confirmPassword=12345678</arg>
<doc>Creates and returns a dictionary based on the given ``items``.</doc>
<status status="PASS" start="2025-08-18T16:36:23.383511" elapsed="0.001131"/>
</kw>
<kw name="POST On Session" owner="RequestsLibrary">
<msg time="2025-08-18T16:36:23.655054" level="INFO">POST Request : url=https://points-app-backend.vercel.app/cadastro 
 path_url=/cadastro 
 headers={'User-Agent': 'python-requests/2.32.3', 'Accept-Encoding': 'gzip, deflate', 'Accept': '*/*', 'Connection': 'keep-alive', 'Content-Length': '153', 'Content-Type': 'application/json'} 
 body=b'{"cpf": "45401727252", "full_name": "Jo\\u00e3o da Silva", "email": "email_fraca_4683@example.com", "password": "12345678", "confirmPassword": "12345678"}' 
 </msg>
<msg time="2025-08-18T16:36:23.655223" level="INFO">POST Response : url=https://points-app-backend.vercel.app/cadastro 
 status=400, reason=Bad Request 
 headers={'Cache-Control': 'public, max-age=0, must-revalidate', 'Content-Length': '23', 'Content-Type': 'application/json; charset=utf-8', 'Date': 'Mon, 18 Aug 2025 19:36:23 GMT', 'Etag': 'W/"17-+4G07DhaDCh5VTtqyxVnySisT6A"', 'Server': 'Vercel', 'Strict-Transport-Security': 'max-age=63072000; includeSubDomains; preload', 'X-Powered-By': 'Express', 'X-Vercel-Cache': 'MISS', 'X-Vercel-Id': 'gru1::iad1::2x5c2-1755545783731-bf3ece4e4bba'} 
 body={"error":"Senha fraca"} 
 </msg>
<msg time="2025-08-18T16:36:23.655349" level="INFO">C:\Users\mathe\AppData\Local\Programs\Python\Python313\Lib\site-packages\urllib3\connectionpool.py:1097: InsecureRequestWarning: Unverified HTTPS request is being made to host 'points-app-backend.vercel.app'. Adding certificate verification is strongly advised. See: https://urllib3.readthedocs.io/en/latest/advanced-usage.html#tls-warnings
  warnings.warn(</msg>
<msg time="2025-08-18T16:36:23.656193" level="INFO">${resp} = &lt;Response [400]&gt;</msg>
<var>${resp}</var>
<arg>banking</arg>
<arg>/cadastro</arg>
<arg>json=${payload}</arg>
<arg>expected_status=400</arg>
<doc>Sends a POST request on a previously created HTTP Session.</doc>
<status status="PASS" start="2025-08-18T16:36:23.385540" elapsed="0.270737"/>
</kw>
<kw name="Salvar JSON Em Arquivo" owner="keywords">
<kw name="Create File" owner="OperatingSystem">
<msg time="2025-08-18T16:36:23.660119" level="INFO" html="true">Created file '&lt;a href="file://C:\Teste_API_Rethink\logs\cadastro_senha_fraca.json"&gt;C:\Teste_API_Rethink\logs\cadastro_senha_fraca.json&lt;/a&gt;'.</msg>
<arg>${filepath}</arg>
<arg>${json_content}</arg>
<doc>Creates a file with the given content and encoding.</doc>
<status status="PASS" start="2025-08-18T16:36:23.658694" elapsed="0.001586"/>
</kw>
<arg>logs/cadastro_senha_fraca.json</arg>
<arg>${resp.text}</arg>
<status status="PASS" start="2025-08-18T16:36:23.657027" elapsed="0.003428"/>
</kw>
<doc>Testa cadastro de usuário com senha fraca, esperando erro 400</doc>
<status status="PASS" start="2025-08-18T16:36:23.370527" elapsed="0.290464"/>
</test>
<status status="PASS" start="2025-08-18T16:36:19.820528" elapsed="3.842390"/>
</suite>
<status status="PASS" start="2025-08-18T16:36:19.815486" elapsed="3.850349"/>
</suite>
<status status="PASS" start="2025-08-18T16:35:48.357134" elapsed="35.311313"/>
</suite>
<statistics>
<total>
<stat pass="22" fail="0" skip="0">All Tests</stat>
</total>
<tag>
<stat pass="2" fail="0" skip="0">known_bug</stat>
</tag>
<suite>
<stat name="Tests" id="s1" pass="22" fail="0" skip="0">Tests</stat>
<stat name="Account" id="s1-s1" pass="3" fail="0" skip="0">Tests.Account</stat>
<stat name="Test Delete Account" id="s1-s1-s1" pass="3" fail="0" skip="0">Tests.Account.Test Delete Account</stat>
<stat name="Auth" id="s1-s2" pass="3" fail="0" skip="0">Tests.Auth</stat>
<stat name="Test Login" id="s1-s2-s1" pass="3" fail="0" skip="0">Tests.Auth.Test Login</stat>
<stat name="Balance" id="s1-s3" pass="3" fail="0" skip="0">Tests.Balance</stat>
<stat name="Test Balance" id="s1-s3-s1" pass="3" fail="0" skip="0">Tests.Balance.Test Balance</stat>
<stat name="E2E" id="s1-s4" pass="1" fail="0" skip="0">Tests.E2E</stat>
<stat name="Test User Journey" id="s1-s4-s1" pass="1" fail="0" skip="0">Tests.E2E.Test User Journey</stat>
<stat name="Piggybank" id="s1-s5" pass="5" fail="0" skip="0">Tests.Piggybank</stat>
<stat name="Test Piggybank Deposit" id="s1-s5-s1" pass="2" fail="0" skip="0">Tests.Piggybank.Test Piggybank Deposit</stat>
<stat name="Test Piggybank Extract" id="s1-s5-s2" pass="1" fail="0" skip="0">Tests.Piggybank.Test Piggybank Extract</stat>
<stat name="Test Piggybank Withdraw" id="s1-s5-s3" pass="2" fail="0" skip="0">Tests.Piggybank.Test Piggybank Withdraw</stat>
<stat name="Points" id="s1-s6" pass="3" fail="0" skip="0">Tests.Points</stat>
<stat name="Test Extract Points" id="s1-s6-s1" pass="1" fail="0" skip="0">Tests.Points.Test Extract Points</stat>
<stat name="Test Send Points" id="s1-s6-s2" pass="2" fail="0" skip="0">Tests.Points.Test Send Points</stat>
<stat name="Register" id="s1-s7" pass="4" fail="0" skip="0">Tests.Register</stat>
<stat name="Test Register" id="s1-s7-s1" pass="4" fail="0" skip="0">Tests.Register.Test Register</stat>
</suite>
</statistics>
<errors>
<msg time="2025-08-18T16:35:54.444382" level="WARN">🐞 BUG-001: API permitiu deletar conta já deletada, retornou 200 em vez de 400</msg>
<msg time="2025-08-18T16:36:01.473543" level="WARN">🐞 BUG-003: endpoint /points/send não encontrado, retornou 404</msg>
<msg time="2025-08-18T16:36:02.571715" level="WARN">🐞 BUG-005: API falha ao resgatar saldo disponível, retornou 400</msg>
<msg time="2025-08-18T16:36:03.115162" level="WARN">🐞 BUG-002: extrato de pontos não retornou a transação inicial de +100 pontos (saldo inconsistente)</msg>
<msg time="2025-08-18T16:36:09.055064" level="WARN">🐞 BUG-004: API permite depósito negativo, esperado 400</msg>
<msg time="2025-08-18T16:36:14.003858" level="WARN">🐞 BUG-005: API retornou 400 ao resgatar com saldo suficiente (esperado 200).</msg>
<msg time="2025-08-18T16:36:16.167033" level="WARN">🐞 BUG-002: Extrato não retornou a transação inicial de +100 pontos (saldo inconsistente)</msg>
<msg time="2025-08-18T16:36:18.053001" level="WARN">🐞 BUG-003: endpoint /points/send não encontrado, continuando execução</msg>
<msg time="2025-08-18T16:36:19.804780" level="WARN">⚠️ Observação: API retornou 400 para envio acima do saldo, possivelmente mascarando o BUG-003 (endpoint inexistente)</msg>
</errors>
</robot>
